"../../../Engine/Plugins/2D/Paper2D/Content/PlaceholderTextures/DummySpriteTexture.uasset" 0
"../../../Engine/Plugins/2D/Paper2D/Content/PlaceholderTextures/DummySpriteTexture.uexp" 1
"../../../Engine/Plugins/2D/Paper2D/Content/PlaceholderTextures/DummySpriteTexture.ubulk" 2
"../../../Engine/Plugins/2D/Paper2D/Content/DummySprite.uasset" 3
"../../../Engine/Plugins/2D/Paper2D/Content/DummySprite.uexp" 4
"../../../Engine/Content/ArtTools/RenderToTexture/Textures/127grey.uasset" 5
"../../../Engine/Content/ArtTools/RenderToTexture/Textures/127grey.uexp" 6
"../../../Engine/Plugins/Marketplace/DialoguePlugin/Content/UI/M_DarkenChildWidget.uasset" 7
"../../../Engine/Plugins/Marketplace/DialoguePlugin/Content/UI/M_DarkenChildWidget.uexp" 8
"../../../Engine/Plugins/Marketplace/DialoguePlugin/Content/UI/MI_DarkenChildWidget.uasset" 9
"../../../Engine/Plugins/Marketplace/DialoguePlugin/Content/UI/MI_DarkenChildWidget.uexp" 10
"../../../Engine/Content/EngineFonts/Faces/RobotoRegular.uasset" 11
"../../../Engine/Content/EngineFonts/Faces/RobotoRegular.uexp" 12
"../../../Engine/Content/EngineFonts/Faces/RobotoRegular.ufont" 13
"../../../Engine/Content/EngineFonts/Faces/RobotoLight.uasset" 14
"../../../Engine/Content/EngineFonts/Faces/RobotoLight.uexp" 15
"../../../Engine/Content/EngineFonts/Faces/RobotoLight.ufont" 16
"../../../Engine/Content/EngineFonts/Faces/RobotoItalic.uasset" 17
"../../../Engine/Content/EngineFonts/Faces/RobotoItalic.uexp" 18
"../../../Engine/Content/EngineFonts/Faces/RobotoItalic.ufont" 19
"../../../Engine/Content/EngineFonts/Faces/RobotoBoldItalic.uasset" 20
"../../../Engine/Content/EngineFonts/Faces/RobotoBoldItalic.uexp" 21
"../../../Engine/Content/EngineFonts/Faces/RobotoBoldItalic.ufont" 22
"../../../Engine/Content/EngineFonts/Faces/RobotoBold.uasset" 23
"../../../Engine/Content/EngineFonts/Faces/RobotoBold.uexp" 24
"../../../Engine/Content/EngineFonts/Faces/RobotoBold.ufont" 25
"../../../Engine/Content/EngineFonts/Faces/DroidSansFallback.uasset" 26
"../../../Engine/Content/EngineFonts/Faces/DroidSansFallback.uexp" 27
"../../../Engine/Content/EngineFonts/Faces/DroidSansFallback.ufont" 28
"../../../Engine/Content/EngineFonts/Roboto.uasset" 29
"../../../Engine/Content/EngineFonts/Roboto.uexp" 30
"../../../Engine/Plugins/Marketplace/DialoguePlugin/Content/UI/RichTextStyles.uasset" 31
"../../../Engine/Plugins/Marketplace/DialoguePlugin/Content/UI/RichTextStyles.uexp" 32
"../../../Engine/Plugins/Marketplace/DialoguePlugin/Content/UI/DemoReplyWidget.uasset" 33
"../../../Engine/Plugins/Marketplace/DialoguePlugin/Content/UI/DemoReplyWidget.uexp" 34
"../../../Engine/Content/EditorBlueprintResources/StandardMacros.uasset" 35
"../../../Engine/Content/EditorBlueprintResources/StandardMacros.uexp" 36
"../../../Engine/Plugins/Marketplace/DialoguePlugin/Content/UI/DemoDialogueWidget.uasset" 37
"../../../Engine/Plugins/Marketplace/DialoguePlugin/Content/UI/DemoDialogueWidget.uexp" 38
"../../../Engine/Content/Functions/Engine_MaterialFunctions01/Density/ExponentialDensity.uasset" 39
"../../../Engine/Content/Functions/Engine_MaterialFunctions01/Density/ExponentialDensity.uexp" 40
"../../../Engine/Content/Functions/Engine_MaterialFunctions01/Gradient/RadialGradientExponential.uasset" 41
"../../../Engine/Content/Functions/Engine_MaterialFunctions01/Gradient/RadialGradientExponential.uexp" 42
"G:/Games/InsectorTD/Content/TopDownBP/Blueprints/M_Cursor_Decal.uasset" 43
"G:/Games/InsectorTD/Content/TopDownBP/Blueprints/M_Cursor_Decal.uexp" 44
"../../../Engine/Plugins/2D/Paper2D/Content/PlaceholderTextures/FlatNormalMap.uasset" 45
"../../../Engine/Plugins/2D/Paper2D/Content/PlaceholderTextures/FlatNormalMap.uexp" 46
"../../../Engine/Plugins/2D/Paper2D/Content/DefaultLitSpriteMaterial.uasset" 47
"../../../Engine/Plugins/2D/Paper2D/Content/DefaultLitSpriteMaterial.uexp" 48
"G:/Games/InsectorTD/Content/Paper2D/DefaultLitSpriteMaterial_Inst.uasset" 49
"G:/Games/InsectorTD/Content/Paper2D/DefaultLitSpriteMaterial_Inst.uexp" 50
"../../../Engine/Plugins/2D/Paper2D/Content/DefaultSpriteMaterial.uasset" 51
"../../../Engine/Plugins/2D/Paper2D/Content/DefaultSpriteMaterial.uexp" 52
"../../../Engine/Plugins/2D/Paper2D/Content/TranslucentUnlitSpriteMaterial.uasset" 53
"../../../Engine/Plugins/2D/Paper2D/Content/TranslucentUnlitSpriteMaterial.uexp" 54
"G:/Games/InsectorTD/Content/BugGame/Paper2D/IMG_4897.uasset" 55
"G:/Games/InsectorTD/Content/BugGame/Paper2D/IMG_4897.uexp" 56
"G:/Games/InsectorTD/Content/BugGame/Paper2D/IMG_4897_Sprite.uasset" 57
"G:/Games/InsectorTD/Content/BugGame/Paper2D/IMG_4897_Sprite.uexp" 58
"G:/Games/InsectorTD/Content/BugGame/Paper2D/IMG2.uasset" 59
"G:/Games/InsectorTD/Content/BugGame/Paper2D/IMG2.uexp" 60
"G:/Games/InsectorTD/Content/BugGame/Paper2D/IMG_4898f.uasset" 61
"G:/Games/InsectorTD/Content/BugGame/Paper2D/IMG_4898f.uexp" 62
"G:/Games/InsectorTD/Content/BugGame/Paper2D/IMG_4898f_Sprite.uasset" 63
"G:/Games/InsectorTD/Content/BugGame/Paper2D/IMG_4898f_Sprite.uexp" 64
"G:/Games/InsectorTD/Content/BugGame/Paper2D/IMG1.uasset" 65
"G:/Games/InsectorTD/Content/BugGame/Paper2D/IMG1.uexp" 66
"G:/Games/InsectorTD/Content/Mannequin/Character/Mesh/SK_Mannequin_PhysicsAsset.uasset" 67
"G:/Games/InsectorTD/Content/Mannequin/Character/Mesh/SK_Mannequin_PhysicsAsset.uexp" 68
"G:/Games/InsectorTD/Content/Mannequin/Character/Textures/T_UE4Logo_N.uasset" 69
"G:/Games/InsectorTD/Content/Mannequin/Character/Textures/T_UE4Logo_N.uexp" 70
"G:/Games/InsectorTD/Content/Mannequin/Character/Textures/T_UE4Logo_N.ubulk" 71
"G:/Games/InsectorTD/Content/Mannequin/Character/Textures/T_UE4Logo_Mask.uasset" 72
"G:/Games/InsectorTD/Content/Mannequin/Character/Textures/T_UE4Logo_Mask.uexp" 73
"G:/Games/InsectorTD/Content/Mannequin/Character/Textures/T_UE4Logo_Mask.ubulk" 74
"G:/Games/InsectorTD/Content/Mannequin/Character/Textures/T_Male_N.uasset" 75
"G:/Games/InsectorTD/Content/Mannequin/Character/Textures/T_Male_N.uexp" 76
"G:/Games/InsectorTD/Content/Mannequin/Character/Textures/T_Male_N.ubulk" 77
"G:/Games/InsectorTD/Content/Mannequin/Character/Textures/T_Male_Mask.uasset" 78
"G:/Games/InsectorTD/Content/Mannequin/Character/Textures/T_Male_Mask.uexp" 79
"G:/Games/InsectorTD/Content/Mannequin/Character/Textures/T_Male_Mask.ubulk" 80
"G:/Games/InsectorTD/Content/Mannequin/Character/Materials/MaterialLayers/T_ML_Rubber_Blue_01_N.uasset" 81
"G:/Games/InsectorTD/Content/Mannequin/Character/Materials/MaterialLayers/T_ML_Rubber_Blue_01_N.uexp" 82
"G:/Games/InsectorTD/Content/Mannequin/Character/Materials/MaterialLayers/T_ML_Rubber_Blue_01_N.ubulk" 83
"G:/Games/InsectorTD/Content/Mannequin/Character/Materials/MaterialLayers/T_ML_Rubber_Blue_01_D.uasset" 84
"G:/Games/InsectorTD/Content/Mannequin/Character/Materials/MaterialLayers/T_ML_Rubber_Blue_01_D.uexp" 85
"G:/Games/InsectorTD/Content/Mannequin/Character/Materials/MaterialLayers/T_ML_Rubber_Blue_01_D.ubulk" 86
"G:/Games/InsectorTD/Content/Mannequin/Character/Materials/MaterialLayers/T_ML_Aluminum01_N.uasset" 87
"G:/Games/InsectorTD/Content/Mannequin/Character/Materials/MaterialLayers/T_ML_Aluminum01_N.uexp" 88
"G:/Games/InsectorTD/Content/Mannequin/Character/Materials/MaterialLayers/T_ML_Aluminum01_N.ubulk" 89
"G:/Games/InsectorTD/Content/Mannequin/Character/Materials/MaterialLayers/T_ML_Aluminum01.uasset" 90
"G:/Games/InsectorTD/Content/Mannequin/Character/Materials/MaterialLayers/T_ML_Aluminum01.uexp" 91
"G:/Games/InsectorTD/Content/Mannequin/Character/Materials/MaterialLayers/T_ML_Aluminum01.ubulk" 92
"G:/Games/InsectorTD/Content/Mannequin/Character/Materials/MaterialLayers/ML_SoftMetal_UE4.uasset" 93
"G:/Games/InsectorTD/Content/Mannequin/Character/Materials/MaterialLayers/ML_SoftMetal_UE4.uexp" 94
"G:/Games/InsectorTD/Content/Mannequin/Character/Materials/MaterialLayers/ML_Plastic_Shiny_Beige_LOGO.uasset" 95
"G:/Games/InsectorTD/Content/Mannequin/Character/Materials/MaterialLayers/ML_Plastic_Shiny_Beige_LOGO.uexp" 96
"G:/Games/InsectorTD/Content/Mannequin/Character/Materials/MaterialLayers/ML_Plastic_Shiny_Beige.uasset" 97
"G:/Games/InsectorTD/Content/Mannequin/Character/Materials/MaterialLayers/ML_Plastic_Shiny_Beige.uexp" 98
"G:/Games/InsectorTD/Content/Mannequin/Character/Materials/MaterialLayers/ML_GlossyBlack_Latex_UE4.uasset" 99
"G:/Games/InsectorTD/Content/Mannequin/Character/Materials/MaterialLayers/ML_GlossyBlack_Latex_UE4.uexp" 100
"../../../Engine/Content/Functions/Engine_MaterialFunctions02/Utility/BlendAngleCorrectedNormals.uasset" 101
"../../../Engine/Content/Functions/Engine_MaterialFunctions02/Utility/BlendAngleCorrectedNormals.uexp" 102
"../../../Engine/Content/Functions/MaterialLayerFunctions/MatLayerBlend_Simple.uasset" 103
"../../../Engine/Content/Functions/MaterialLayerFunctions/MatLayerBlend_Simple.uexp" 104
"../../../Engine/Content/Functions/MaterialLayerFunctions/MatLayerBlend_NormalBlend.uasset" 105
"../../../Engine/Content/Functions/MaterialLayerFunctions/MatLayerBlend_NormalBlend.uexp" 106
"G:/Games/InsectorTD/Content/Mannequin/Character/Materials/M_Male_Body.uasset" 107
"G:/Games/InsectorTD/Content/Mannequin/Character/Materials/M_Male_Body.uexp" 108
"G:/Games/InsectorTD/Content/Mannequin/Character/Materials/M_UE4Man_ChestLogo.uasset" 109
"G:/Games/InsectorTD/Content/Mannequin/Character/Materials/M_UE4Man_ChestLogo.uexp" 110
"G:/Games/InsectorTD/Content/Mannequin/Character/Mesh/UE4_Mannequin_Skeleton.uasset" 111
"G:/Games/InsectorTD/Content/Mannequin/Character/Mesh/UE4_Mannequin_Skeleton.uexp" 112
"G:/Games/InsectorTD/Content/Mannequin/Character/Mesh/SK_Mannequin.uasset" 113
"G:/Games/InsectorTD/Content/Mannequin/Character/Mesh/SK_Mannequin.uexp" 114
"G:/Games/InsectorTD/Content/Mannequin/Animations/ThirdPersonWalk.uasset" 115
"G:/Games/InsectorTD/Content/Mannequin/Animations/ThirdPersonWalk.uexp" 116
"G:/Games/InsectorTD/Content/Mannequin/Animations/ThirdPersonRun.uasset" 117
"G:/Games/InsectorTD/Content/Mannequin/Animations/ThirdPersonRun.uexp" 118
"G:/Games/InsectorTD/Content/Mannequin/Animations/ThirdPersonIdle.uasset" 119
"G:/Games/InsectorTD/Content/Mannequin/Animations/ThirdPersonIdle.uexp" 120
"G:/Games/InsectorTD/Content/Mannequin/Animations/ThirdPerson_IdleRun_2D.uasset" 121
"G:/Games/InsectorTD/Content/Mannequin/Animations/ThirdPerson_IdleRun_2D.uexp" 122
"G:/Games/InsectorTD/Content/Mannequin/Animations/ThirdPerson_Jump.uasset" 123
"G:/Games/InsectorTD/Content/Mannequin/Animations/ThirdPerson_Jump.uexp" 124
"G:/Games/InsectorTD/Content/Mannequin/Animations/ThirdPersonJump_Start.uasset" 125
"G:/Games/InsectorTD/Content/Mannequin/Animations/ThirdPersonJump_Start.uexp" 126
"G:/Games/InsectorTD/Content/Mannequin/Animations/ThirdPersonJump_Loop.uasset" 127
"G:/Games/InsectorTD/Content/Mannequin/Animations/ThirdPersonJump_Loop.uexp" 128
"G:/Games/InsectorTD/Content/Mannequin/Animations/ThirdPerson_AnimBP.uasset" 129
"G:/Games/InsectorTD/Content/Mannequin/Animations/ThirdPerson_AnimBP.uexp" 130
"G:/Games/InsectorTD/Content/Sounds/Footsteps/Concrete_footstep_3.uasset" 131
"G:/Games/InsectorTD/Content/Sounds/Footsteps/Concrete_footstep_3.uexp" 132
"G:/Games/InsectorTD/Content/Sounds/SoundClasses/Dialogue.uasset" 133
"G:/Games/InsectorTD/Content/Sounds/SoundClasses/Dialogue.uexp" 134
"G:/Games/InsectorTD/Content/Sounds/SoundClasses/Music.uasset" 135
"G:/Games/InsectorTD/Content/Sounds/SoundClasses/Music.uexp" 136
"G:/Games/InsectorTD/Content/Sounds/SoundClasses/BugGame_Sound_Mix.uasset" 137
"G:/Games/InsectorTD/Content/Sounds/SoundClasses/BugGame_Sound_Mix.uexp" 138
"G:/Games/InsectorTD/Content/Sounds/SoundClasses/Effects.uasset" 139
"G:/Games/InsectorTD/Content/Sounds/SoundClasses/Effects.uexp" 140
"G:/Games/InsectorTD/Content/Sounds/SoundClasses/Footsteps.uasset" 141
"G:/Games/InsectorTD/Content/Sounds/SoundClasses/Footsteps.uexp" 142
"G:/Games/InsectorTD/Content/Sounds/Footsteps/Concrete_footstep_6.uasset" 143
"G:/Games/InsectorTD/Content/Sounds/Footsteps/Concrete_footstep_6.uexp" 144
"G:/Games/InsectorTD/Content/Sounds/Footsteps/Concrete_footstep_5.uasset" 145
"G:/Games/InsectorTD/Content/Sounds/Footsteps/Concrete_footstep_5.uexp" 146
"G:/Games/InsectorTD/Content/Sounds/Footsteps/Concrete_footstep_4.uasset" 147
"G:/Games/InsectorTD/Content/Sounds/Footsteps/Concrete_footstep_4.uexp" 148
"G:/Games/InsectorTD/Content/Sounds/Footsteps/Footstep_Cue.uasset" 149
"G:/Games/InsectorTD/Content/Sounds/Footsteps/Footstep_Cue.uexp" 150
"G:/Games/InsectorTD/Content/InteractionMaster/02_Data/InteractionType_Enum.uasset" 151
"G:/Games/InsectorTD/Content/InteractionMaster/02_Data/InteractionType_Enum.uexp" 152
"G:/Games/InsectorTD/Content/InteractionMaster/04_widgets/textures/TEX_warning__2_.uasset" 153
"G:/Games/InsectorTD/Content/InteractionMaster/04_widgets/textures/TEX_warning__2_.uexp" 154
"G:/Games/InsectorTD/Content/InteractionMaster/04_widgets/textures/TEX_warning__2_.ubulk" 155
"G:/Games/InsectorTD/Content/InteractionMaster/04_widgets/textures/TEX_warning.uasset" 156
"G:/Games/InsectorTD/Content/InteractionMaster/04_widgets/textures/TEX_warning.uexp" 157
"G:/Games/InsectorTD/Content/InteractionMaster/04_widgets/textures/TEX_warning.ubulk" 158
"G:/Games/InsectorTD/Content/InteractionMaster/04_widgets/textures/TEX_remove.uasset" 159
"G:/Games/InsectorTD/Content/InteractionMaster/04_widgets/textures/TEX_remove.uexp" 160
"G:/Games/InsectorTD/Content/InteractionMaster/04_widgets/textures/TEX_remove.ubulk" 161
"G:/Games/InsectorTD/Content/InteractionMaster/04_widgets/textures/TEX_question-mark.uasset" 162
"G:/Games/InsectorTD/Content/InteractionMaster/04_widgets/textures/TEX_question-mark.uexp" 163
"G:/Games/InsectorTD/Content/InteractionMaster/04_widgets/textures/TEX_question-mark.ubulk" 164
"G:/Games/InsectorTD/Content/InteractionMaster/04_widgets/textures/TEX_penrose-square.uasset" 165
"G:/Games/InsectorTD/Content/InteractionMaster/04_widgets/textures/TEX_penrose-square.uexp" 166
"G:/Games/InsectorTD/Content/InteractionMaster/04_widgets/textures/TEX_penrose-square.ubulk" 167
"G:/Games/InsectorTD/Content/InteractionMaster/04_widgets/textures/TEX_diamond.uasset" 168
"G:/Games/InsectorTD/Content/InteractionMaster/04_widgets/textures/TEX_diamond.uexp" 169
"G:/Games/InsectorTD/Content/InteractionMaster/04_widgets/textures/TEX_diamond.ubulk" 170
"G:/Games/InsectorTD/Content/InteractionMaster/04_widgets/textures/TEX_circle.uasset" 171
"G:/Games/InsectorTD/Content/InteractionMaster/04_widgets/textures/TEX_circle.uexp" 172
"G:/Games/InsectorTD/Content/InteractionMaster/04_widgets/textures/TEX_circle.ubulk" 173
"G:/Games/InsectorTD/Content/InteractionMaster/02_Data/Hint_type_Enum.uasset" 174
"G:/Games/InsectorTD/Content/InteractionMaster/02_Data/Hint_type_Enum.uexp" 175
"G:/Games/InsectorTD/Content/InteractionMaster/04_widgets/WBP_Hint.uasset" 176
"G:/Games/InsectorTD/Content/InteractionMaster/04_widgets/WBP_Hint.uexp" 177
"G:/Games/InsectorTD/Content/InteractionMaster/04_widgets/textures/TEX_Frame.uasset" 178
"G:/Games/InsectorTD/Content/InteractionMaster/04_widgets/textures/TEX_Frame.uexp" 179
"G:/Games/InsectorTD/Content/InteractionMaster/04_widgets/textures/TEX_Frame.ubulk" 180
"G:/Games/InsectorTD/Content/InteractionMaster/04_widgets/WBP_InteractionNotify.uasset" 181
"G:/Games/InsectorTD/Content/InteractionMaster/04_widgets/WBP_InteractionNotify.uexp" 182
"G:/Games/InsectorTD/Content/InteractionMaster/04_widgets/WBP_HintDetails.uasset" 183
"G:/Games/InsectorTD/Content/InteractionMaster/04_widgets/WBP_HintDetails.uexp" 184
"G:/Games/InsectorTD/Content/InteractionMaster/02_Data/DetectionLevel_Enum.uasset" 185
"G:/Games/InsectorTD/Content/InteractionMaster/02_Data/DetectionLevel_Enum.uexp" 186
"G:/Games/InsectorTD/Content/InteractionMaster/05_Sounds/Standard_Attenuation.uasset" 187
"G:/Games/InsectorTD/Content/InteractionMaster/05_Sounds/Standard_Attenuation.uexp" 188
"G:/Games/InsectorTD/Content/InteractionMaster/02_Data/Interaction_Struct.uasset" 189
"G:/Games/InsectorTD/Content/InteractionMaster/02_Data/Interaction_Struct.uexp" 190
"G:/Games/InsectorTD/Content/InteractionMaster/01_Components/Player_Interaction_Comp.uasset" 191
"G:/Games/InsectorTD/Content/InteractionMaster/01_Components/Player_Interaction_Comp.uexp" 192
"G:/Games/InsectorTD/Content/InteractionMaster/01_Components/Actor_Interaction_Comp.uasset" 193
"G:/Games/InsectorTD/Content/InteractionMaster/01_Components/Actor_Interaction_Comp.uexp" 194
"G:/Games/InsectorTD/Content/InteractionMaster/03_Interfaces/InteractionMaster_Interface.uasset" 195
"G:/Games/InsectorTD/Content/InteractionMaster/03_Interfaces/InteractionMaster_Interface.uexp" 196
"G:/Games/InsectorTD/Content/InteractionMaster/01_Components/Hint_Widget.uasset" 197
"G:/Games/InsectorTD/Content/InteractionMaster/01_Components/Hint_Widget.uexp" 198
"G:/Games/InsectorTD/Content/InteractionMaster/04_widgets/WBP_InteractionButton.uasset" 199
"G:/Games/InsectorTD/Content/InteractionMaster/04_widgets/WBP_InteractionButton.uexp" 200
"G:/Games/InsectorTD/Content/InteractionMaster/04_widgets/WBP_CancelInteractionButton.uasset" 201
"G:/Games/InsectorTD/Content/InteractionMaster/04_widgets/WBP_CancelInteractionButton.uexp" 202
"G:/Games/InsectorTD/Content/InteractionMaster/04_widgets/WBP_InteractionWindow.uasset" 203
"G:/Games/InsectorTD/Content/InteractionMaster/04_widgets/WBP_InteractionWindow.uexp" 204
"G:/Games/InsectorTD/Content/InteractionMaster/02_Data/SimpleInteraction_Enum.uasset" 205
"G:/Games/InsectorTD/Content/InteractionMaster/02_Data/SimpleInteraction_Enum.uexp" 206
"G:/Games/InsectorTD/Content/InteractionMaster/Interaction_Macros_Lib.uasset" 207
"G:/Games/InsectorTD/Content/InteractionMaster/Interaction_Macros_Lib.uexp" 208
"G:/Games/InsectorTD/Content/TopDownBP/Blueprints/TopDownCharacter.uasset" 209
"G:/Games/InsectorTD/Content/TopDownBP/Blueprints/TopDownCharacter.uexp" 210
"G:/Games/InsectorTD/Content/TopDownBP/Blueprints/TopDownController.uasset" 211
"G:/Games/InsectorTD/Content/TopDownBP/Blueprints/TopDownController.uexp" 212
"G:/Games/InsectorTD/Content/Sounds/Dialogue/TestCharacterVC/Track_4__consolidated__2.uasset" 213
"G:/Games/InsectorTD/Content/Sounds/Dialogue/TestCharacterVC/Track_4__consolidated__2.uexp" 214
"G:/Games/InsectorTD/Content/Sounds/Dialogue/TestCharacterVC/Track_3__consolidated_.uasset" 215
"G:/Games/InsectorTD/Content/Sounds/Dialogue/TestCharacterVC/Track_3__consolidated_.uexp" 216
"G:/Games/InsectorTD/Content/Sounds/Dialogue/TestCharacterVC/Track_2__consolidated__3.uasset" 217
"G:/Games/InsectorTD/Content/Sounds/Dialogue/TestCharacterVC/Track_2__consolidated__3.uexp" 218
"G:/Games/InsectorTD/Content/Sounds/SoundClasses/Music_Duck.uasset" 219
"G:/Games/InsectorTD/Content/Sounds/SoundClasses/Music_Duck.uexp" 220
"G:/Games/InsectorTD/Content/BugGame/Interaction/StartTalking.uasset" 221
"G:/Games/InsectorTD/Content/BugGame/Interaction/StartTalking.uexp" 222
"G:/Games/InsectorTD/Content/BugGame/Interaction/EndTalking.uasset" 223
"G:/Games/InsectorTD/Content/BugGame/Interaction/EndTalking.uexp" 224
"G:/Games/InsectorTD/Content/BugGame/Interaction/TestCharacter/Test.uasset" 225
"G:/Games/InsectorTD/Content/BugGame/Interaction/TestCharacter/Test.uexp" 226
"G:/Games/InsectorTD/Content/BugGame/Interaction/Int_Interaction.uasset" 227
"G:/Games/InsectorTD/Content/BugGame/Interaction/Int_Interaction.uexp" 228
"G:/Games/InsectorTD/Content/BugGame/Interaction/TestCharacter/oldInteractableActor.uasset" 229
"G:/Games/InsectorTD/Content/BugGame/Interaction/TestCharacter/oldInteractableActor.uexp" 230
"G:/Games/InsectorTD/Content/Geometry/Meshes/CubeMaterial.uasset" 231
"G:/Games/InsectorTD/Content/Geometry/Meshes/CubeMaterial.uexp" 232
"G:/Games/InsectorTD/Content/Geometry/Meshes/TemplateFloor.uasset" 233
"G:/Games/InsectorTD/Content/Geometry/Meshes/TemplateFloor.uexp" 234
"G:/Games/InsectorTD/Content/InteractionMaster/02_Data/InteractionBugType_Enum.uasset" 235
"G:/Games/InsectorTD/Content/InteractionMaster/02_Data/InteractionBugType_Enum.uexp" 236
"G:/Games/InsectorTD/Content/InteractionMaster/04_widgets/textures/TEX_plus.uasset" 237
"G:/Games/InsectorTD/Content/InteractionMaster/04_widgets/textures/TEX_plus.uexp" 238
"G:/Games/InsectorTD/Content/InteractionMaster/04_widgets/textures/TEX_plus.ubulk" 239
"G:/Games/InsectorTD/Content/InteractionMaster/04_widgets/textures/TEX_warning__1_.uasset" 240
"G:/Games/InsectorTD/Content/InteractionMaster/04_widgets/textures/TEX_warning__1_.uexp" 241
"G:/Games/InsectorTD/Content/InteractionMaster/04_widgets/textures/TEX_warning__1_.ubulk" 242
"G:/Games/InsectorTD/Content/InteractionMaster/04_widgets/textures/TEX_Window.uasset" 243
"G:/Games/InsectorTD/Content/InteractionMaster/04_widgets/textures/TEX_Window.uexp" 244
"G:/Games/InsectorTD/Content/InteractionMaster/04_widgets/textures/TEX_Window.ubulk" 245
"G:/Games/InsectorTD/Content/InteractionMaster/ExampleContent/Geometry/Meshes/CubeMaterial.uasset" 246
"G:/Games/InsectorTD/Content/InteractionMaster/ExampleContent/Geometry/Meshes/CubeMaterial.uexp" 247
"G:/Games/InsectorTD/Content/InteractionMaster/ExampleContent/Geometry/Meshes/1M_Cube_Chamfer.uasset" 248
"G:/Games/InsectorTD/Content/InteractionMaster/ExampleContent/Geometry/Meshes/1M_Cube_Chamfer.uexp" 249
"G:/Games/InsectorTD/Content/InteractionMaster/ExampleContent/Mannequin/Character/Mesh/UE4_Mannequin_Skeleton.uasset" 250
"G:/Games/InsectorTD/Content/InteractionMaster/ExampleContent/Mannequin/Character/Mesh/UE4_Mannequin_Skeleton.uexp" 251
"../../../Engine/Content/Animation/DefaultAnimBoneCompressionSettings.uasset" 252
"../../../Engine/Content/Animation/DefaultAnimBoneCompressionSettings.uexp" 253
"G:/Games/InsectorTD/Content/InteractionMaster/ExampleContent/Mannequin/Animations/ThirdPersonJump_End.uasset" 254
"G:/Games/InsectorTD/Content/InteractionMaster/ExampleContent/Mannequin/Animations/ThirdPersonJump_End.uexp" 255
"G:/Games/InsectorTD/Content/InteractionMaster/ExampleContent/ThirdPerson/Meshes/RampMaterial.uasset" 256
"G:/Games/InsectorTD/Content/InteractionMaster/ExampleContent/ThirdPerson/Meshes/RampMaterial.uexp" 257
"G:/Games/InsectorTD/Content/InteractionMaster/ExampleContent/ThirdPerson/Meshes/Bump_StaticMesh.uasset" 258
"G:/Games/InsectorTD/Content/InteractionMaster/ExampleContent/ThirdPerson/Meshes/Bump_StaticMesh.uexp" 259
"G:/Games/InsectorTD/Content/InteractionMaster/ExampleContent/ThirdPerson/Meshes/LeftArm_StaticMesh.uasset" 260
"G:/Games/InsectorTD/Content/InteractionMaster/ExampleContent/ThirdPerson/Meshes/LeftArm_StaticMesh.uexp" 261
"G:/Games/InsectorTD/Content/InteractionMaster/ExampleContent/ThirdPerson/Meshes/Linear_Stair_StaticMesh.uasset" 262
"G:/Games/InsectorTD/Content/InteractionMaster/ExampleContent/ThirdPerson/Meshes/Linear_Stair_StaticMesh.uexp" 263
"G:/Games/InsectorTD/Content/InteractionMaster/ExampleContent/ThirdPerson/Meshes/Ramp_StaticMesh.uasset" 264
"G:/Games/InsectorTD/Content/InteractionMaster/ExampleContent/ThirdPerson/Meshes/Ramp_StaticMesh.uexp" 265
"G:/Games/InsectorTD/Content/InteractionMaster/ExampleContent/ThirdPerson/Meshes/RightArm_StaticMesh.uasset" 266
"G:/Games/InsectorTD/Content/InteractionMaster/ExampleContent/ThirdPerson/Meshes/RightArm_StaticMesh.uexp" 267
"G:/Games/InsectorTD/Content/InteractionMaster/ExampleContent/Mannequin/Character/Mesh/SK_Mannequin_PhysicsAsset.uasset" 268
"G:/Games/InsectorTD/Content/InteractionMaster/ExampleContent/Mannequin/Character/Mesh/SK_Mannequin_PhysicsAsset.uexp" 269
"G:/Games/InsectorTD/Content/InteractionMaster/ExampleContent/Mannequin/Character/Textures/UE4Man_Logo_N.uasset" 270
"G:/Games/InsectorTD/Content/InteractionMaster/ExampleContent/Mannequin/Character/Textures/UE4Man_Logo_N.uexp" 271
"G:/Games/InsectorTD/Content/InteractionMaster/ExampleContent/Mannequin/Character/Textures/UE4Man_Logo_N.ubulk" 272
"G:/Games/InsectorTD/Content/InteractionMaster/ExampleContent/Mannequin/Character/Textures/UE4_Mannequin_MAT_MASKA.uasset" 273
"G:/Games/InsectorTD/Content/InteractionMaster/ExampleContent/Mannequin/Character/Textures/UE4_Mannequin_MAT_MASKA.uexp" 274
"G:/Games/InsectorTD/Content/InteractionMaster/ExampleContent/Mannequin/Character/Textures/UE4_Mannequin_MAT_MASKA.ubulk" 275
"G:/Games/InsectorTD/Content/InteractionMaster/ExampleContent/Mannequin/Character/Textures/UE4_Mannequin__normals.uasset" 276
"G:/Games/InsectorTD/Content/InteractionMaster/ExampleContent/Mannequin/Character/Textures/UE4_Mannequin__normals.uexp" 277
"G:/Games/InsectorTD/Content/InteractionMaster/ExampleContent/Mannequin/Character/Textures/UE4_Mannequin__normals.ubulk" 278
"G:/Games/InsectorTD/Content/InteractionMaster/ExampleContent/Mannequin/Character/Textures/UE4_LOGO_CARD.uasset" 279
"G:/Games/InsectorTD/Content/InteractionMaster/ExampleContent/Mannequin/Character/Textures/UE4_LOGO_CARD.uexp" 280
"G:/Games/InsectorTD/Content/InteractionMaster/ExampleContent/Mannequin/Character/Textures/UE4_LOGO_CARD.ubulk" 281
"G:/Games/InsectorTD/Content/InteractionMaster/ExampleContent/Mannequin/Character/Materials/MaterialLayers/T_ML_Rubber_Blue_01_N.uasset" 282
"G:/Games/InsectorTD/Content/InteractionMaster/ExampleContent/Mannequin/Character/Materials/MaterialLayers/T_ML_Rubber_Blue_01_N.uexp" 283
"G:/Games/InsectorTD/Content/InteractionMaster/ExampleContent/Mannequin/Character/Materials/MaterialLayers/T_ML_Rubber_Blue_01_N.ubulk" 284
"G:/Games/InsectorTD/Content/InteractionMaster/ExampleContent/Mannequin/Character/Materials/MaterialLayers/T_ML_Rubber_Blue_01_D.uasset" 285
"G:/Games/InsectorTD/Content/InteractionMaster/ExampleContent/Mannequin/Character/Materials/MaterialLayers/T_ML_Rubber_Blue_01_D.uexp" 286
"G:/Games/InsectorTD/Content/InteractionMaster/ExampleContent/Mannequin/Character/Materials/MaterialLayers/T_ML_Rubber_Blue_01_D.ubulk" 287
"G:/Games/InsectorTD/Content/InteractionMaster/ExampleContent/Mannequin/Character/Materials/MaterialLayers/T_ML_Aluminum01_N.uasset" 288
"G:/Games/InsectorTD/Content/InteractionMaster/ExampleContent/Mannequin/Character/Materials/MaterialLayers/T_ML_Aluminum01_N.uexp" 289
"G:/Games/InsectorTD/Content/InteractionMaster/ExampleContent/Mannequin/Character/Materials/MaterialLayers/T_ML_Aluminum01_N.ubulk" 290
"G:/Games/InsectorTD/Content/InteractionMaster/ExampleContent/Mannequin/Character/Materials/MaterialLayers/T_ML_Aluminum01.uasset" 291
"G:/Games/InsectorTD/Content/InteractionMaster/ExampleContent/Mannequin/Character/Materials/MaterialLayers/T_ML_Aluminum01.uexp" 292
"G:/Games/InsectorTD/Content/InteractionMaster/ExampleContent/Mannequin/Character/Materials/MaterialLayers/T_ML_Aluminum01.ubulk" 293
"G:/Games/InsectorTD/Content/InteractionMaster/ExampleContent/Mannequin/Character/Materials/MaterialLayers/ML_SoftMetal_UE4.uasset" 294
"G:/Games/InsectorTD/Content/InteractionMaster/ExampleContent/Mannequin/Character/Materials/MaterialLayers/ML_SoftMetal_UE4.uexp" 295
"G:/Games/InsectorTD/Content/InteractionMaster/ExampleContent/Mannequin/Character/Materials/MaterialLayers/ML_Plastic_Shiny_Beige_LOGO.uasset" 296
"G:/Games/InsectorTD/Content/InteractionMaster/ExampleContent/Mannequin/Character/Materials/MaterialLayers/ML_Plastic_Shiny_Beige_LOGO.uexp" 297
"G:/Games/InsectorTD/Content/InteractionMaster/ExampleContent/Mannequin/Character/Materials/MaterialLayers/ML_Plastic_Shiny_Beige.uasset" 298
"G:/Games/InsectorTD/Content/InteractionMaster/ExampleContent/Mannequin/Character/Materials/MaterialLayers/ML_Plastic_Shiny_Beige.uexp" 299
"G:/Games/InsectorTD/Content/InteractionMaster/ExampleContent/Mannequin/Character/Materials/MaterialLayers/ML_GlossyBlack_Latex_UE4.uasset" 300
"G:/Games/InsectorTD/Content/InteractionMaster/ExampleContent/Mannequin/Character/Materials/MaterialLayers/ML_GlossyBlack_Latex_UE4.uexp" 301
"G:/Games/InsectorTD/Content/InteractionMaster/ExampleContent/Mannequin/Character/Materials/M_UE4Man_Body.uasset" 302
"G:/Games/InsectorTD/Content/InteractionMaster/ExampleContent/Mannequin/Character/Materials/M_UE4Man_Body.uexp" 303
"G:/Games/InsectorTD/Content/InteractionMaster/ExampleContent/Mannequin/Character/Materials/M_UE4Man_ChestLogo.uasset" 304
"G:/Games/InsectorTD/Content/InteractionMaster/ExampleContent/Mannequin/Character/Materials/M_UE4Man_ChestLogo.uexp" 305
"G:/Games/InsectorTD/Content/InteractionMaster/ExampleContent/Mannequin/Character/Mesh/SK_Mannequin.uasset" 306
"G:/Games/InsectorTD/Content/InteractionMaster/ExampleContent/Mannequin/Character/Mesh/SK_Mannequin.uexp" 307
"G:/Games/InsectorTD/Content/InteractionMaster/ExampleContent/Mannequin/Animations/ThirdPersonWalk.uasset" 308
"G:/Games/InsectorTD/Content/InteractionMaster/ExampleContent/Mannequin/Animations/ThirdPersonWalk.uexp" 309
"G:/Games/InsectorTD/Content/InteractionMaster/ExampleContent/Mannequin/Animations/ThirdPersonRun.uasset" 310
"G:/Games/InsectorTD/Content/InteractionMaster/ExampleContent/Mannequin/Animations/ThirdPersonRun.uexp" 311
"G:/Games/InsectorTD/Content/InteractionMaster/ExampleContent/Mannequin/Animations/ThirdPersonIdle.uasset" 312
"G:/Games/InsectorTD/Content/InteractionMaster/ExampleContent/Mannequin/Animations/ThirdPersonIdle.uexp" 313
"G:/Games/InsectorTD/Content/InteractionMaster/ExampleContent/Mannequin/Animations/ThirdPerson_IdleRun_2D.uasset" 314
"G:/Games/InsectorTD/Content/InteractionMaster/ExampleContent/Mannequin/Animations/ThirdPerson_IdleRun_2D.uexp" 315
"G:/Games/InsectorTD/Content/InteractionMaster/ExampleContent/Mannequin/Animations/ThirdPerson_Jump.uasset" 316
"G:/Games/InsectorTD/Content/InteractionMaster/ExampleContent/Mannequin/Animations/ThirdPerson_Jump.uexp" 317
"G:/Games/InsectorTD/Content/InteractionMaster/ExampleContent/Mannequin/Animations/ThirdPersonJump_Start.uasset" 318
"G:/Games/InsectorTD/Content/InteractionMaster/ExampleContent/Mannequin/Animations/ThirdPersonJump_Start.uexp" 319
"G:/Games/InsectorTD/Content/InteractionMaster/ExampleContent/Mannequin/Animations/ThirdPersonJump_Loop.uasset" 320
"G:/Games/InsectorTD/Content/InteractionMaster/ExampleContent/Mannequin/Animations/ThirdPersonJump_Loop.uexp" 321
"G:/Games/InsectorTD/Content/InteractionMaster/ExampleContent/Mannequin/Animations/ThirdPerson_AnimBP.uasset" 322
"G:/Games/InsectorTD/Content/InteractionMaster/ExampleContent/Mannequin/Animations/ThirdPerson_AnimBP.uexp" 323
"G:/Games/InsectorTD/Content/InteractionMaster/ExampleContent/ThirdPersonCharacter.uasset" 324
"G:/Games/InsectorTD/Content/InteractionMaster/ExampleContent/ThirdPersonCharacter.uexp" 325
"G:/Games/InsectorTD/Content/InteractionMaster/ExampleContent/ThirdPersonBP/Blueprints/ThirdPersonGameMode.uasset" 326
"G:/Games/InsectorTD/Content/InteractionMaster/ExampleContent/ThirdPersonBP/Blueprints/ThirdPersonGameMode.uexp" 327
"G:/Games/InsectorTD/Content/Mannequin/Animations/ThirdPersonJump_End.uasset" 328
"G:/Games/InsectorTD/Content/Mannequin/Animations/ThirdPersonJump_End.uexp" 329
"G:/Games/InsectorTD/Content/Mannequin/Character/Mesh/SK_Mannequin_Female_PhysicsAsset.uasset" 330
"G:/Games/InsectorTD/Content/Mannequin/Character/Mesh/SK_Mannequin_Female_PhysicsAsset.uexp" 331
"G:/Games/InsectorTD/Content/Mannequin/Character/Textures/T_Female_N.uasset" 332
"G:/Games/InsectorTD/Content/Mannequin/Character/Textures/T_Female_N.uexp" 333
"G:/Games/InsectorTD/Content/Mannequin/Character/Textures/T_Female_N.ubulk" 334
"G:/Games/InsectorTD/Content/Mannequin/Character/Textures/T_Female_Mask.uasset" 335
"G:/Games/InsectorTD/Content/Mannequin/Character/Textures/T_Female_Mask.uexp" 336
"G:/Games/InsectorTD/Content/Mannequin/Character/Textures/T_Female_Mask.ubulk" 337
"G:/Games/InsectorTD/Content/Mannequin/Character/Materials/MI_Female_Body.uasset" 338
"G:/Games/InsectorTD/Content/Mannequin/Character/Materials/MI_Female_Body.uexp" 339
"G:/Games/InsectorTD/Content/Mannequin/Character/Mesh/SK_Mannequin_Female.uasset" 340
"G:/Games/InsectorTD/Content/Mannequin/Character/Mesh/SK_Mannequin_Female.uexp" 341
"G:/Games/InsectorTD/Content/BugGame/Paper2D/IMG_4898.uasset" 342
"G:/Games/InsectorTD/Content/BugGame/Paper2D/IMG_4898.uexp" 343
"G:/Games/InsectorTD/Content/BugGame/Paper2D/IMG_4898_Sprite.uasset" 344
"G:/Games/InsectorTD/Content/BugGame/Paper2D/IMG_4898_Sprite.uexp" 345
"G:/Games/InsectorTD/Content/BugGame/Paper2D/IMG.uasset" 346
"G:/Games/InsectorTD/Content/BugGame/Paper2D/IMG.uexp" 347
"G:/Games/InsectorTD/Content/BugGame/Widgets/Hud_Widget.uasset" 348
"G:/Games/InsectorTD/Content/BugGame/Widgets/Hud_Widget.uexp" 349
"../../../Engine/Content/EngineMaterials/T_Default_Material_Grid_N.uasset" 350
"../../../Engine/Content/EngineMaterials/T_Default_Material_Grid_N.uexp" 351
"../../../Engine/Content/EngineMaterials/T_Default_Material_Grid_N.ubulk" 352
"../../../Engine/Content/EngineMaterials/T_Default_Material_Grid_M.uasset" 353
"../../../Engine/Content/EngineMaterials/T_Default_Material_Grid_M.uexp" 354
"../../../Engine/Content/EngineMaterials/T_Default_Material_Grid_M.ubulk" 355
"../../../Engine/Content/Functions/Engine_MaterialFunctions01/Opacity/CameraDepthFade.uasset" 356
"../../../Engine/Content/Functions/Engine_MaterialFunctions01/Opacity/CameraDepthFade.uexp" 357
"../../../Engine/Content/EngineMaterials/WorldGridMaterial.uasset" 358
"../../../Engine/Content/EngineMaterials/WorldGridMaterial.uexp" 359
"../../../Engine/Content/BasicShapes/Cube.uasset" 360
"../../../Engine/Content/BasicShapes/Cube.uexp" 361
"../../../Engine/Content/BasicShapes/BasicShapeMaterial.uasset" 362
"../../../Engine/Content/BasicShapes/BasicShapeMaterial.uexp" 363
"G:/Games/InsectorTD/Content/InteractionMaster/06_Reference_Example/SoundSwitcher.uasset" 364
"G:/Games/InsectorTD/Content/InteractionMaster/06_Reference_Example/SoundSwitcher.uexp" 365
"G:/Games/InsectorTD/Content/Paper2D/pipe.uasset" 366
"G:/Games/InsectorTD/Content/Paper2D/pipe.uexp" 367
"G:/Games/InsectorTD/Content/Paper2D/pipe_Sprite_0.uasset" 368
"G:/Games/InsectorTD/Content/Paper2D/pipe_Sprite_0.uexp" 369
"G:/Games/InsectorTD/Content/Sounds/Music/Insectortune.uasset" 370
"G:/Games/InsectorTD/Content/Sounds/Music/Insectortune.uexp" 371
"G:/Games/InsectorTD/Content/Sounds/Music/InsectorIntro_Drafy2.uasset" 372
"G:/Games/InsectorTD/Content/Sounds/Music/InsectorIntro_Drafy2.uexp" 373
"G:/Games/InsectorTD/Content/Sounds/Music/Music_Cue.uasset" 374
"G:/Games/InsectorTD/Content/Sounds/Music/Music_Cue.uexp" 375
"../../../Engine/Content/Animation/DefaultAnimCurveCompressionSettings.uasset" 376
"../../../Engine/Content/Animation/DefaultAnimCurveCompressionSettings.uexp" 377
"../../../Engine/Content/ArtTools/RenderToTexture/Meshes/S_1_Unit_Plane.uasset" 378
"../../../Engine/Content/ArtTools/RenderToTexture/Meshes/S_1_Unit_Plane.uexp" 379
"../../../Engine/Content/EngineMaterials/DefaultMaterial.uasset" 380
"../../../Engine/Content/EngineMaterials/DefaultMaterial.uexp" 381
"../../../Engine/Content/BasicShapes/Cone.uasset" 382
"../../../Engine/Content/BasicShapes/Cone.uexp" 383
"../../../Engine/Content/BasicShapes/Plane.uasset" 384
"../../../Engine/Content/BasicShapes/Plane.uexp" 385
"../../../Engine/Content/BasicShapes/Sphere.uasset" 386
"../../../Engine/Content/BasicShapes/Sphere.uexp" 387
"../../../Engine/Content/EditorLandscapeResources/DataLayer.uasset" 388
"../../../Engine/Content/EditorLandscapeResources/DataLayer.uexp" 389
"../../../Engine/Content/EditorLandscapeResources/DefaultAlphaTexture.uasset" 390
"../../../Engine/Content/EditorLandscapeResources/DefaultAlphaTexture.uexp" 391
"../../../Engine/Content/EditorMaterials/MAT_Groups_Toggle.uasset" 392
"../../../Engine/Content/EditorMaterials/MAT_Groups_Toggle.uexp" 393
"../../../Engine/Content/EditorMaterials/MAT_Groups_Visibility.uasset" 394
"../../../Engine/Content/EditorMaterials/MAT_Groups_Visibility.uexp" 395
"../../../Engine/Content/EditorMaterials/PreviewShadowIndicator.uasset" 396
"../../../Engine/Content/EditorMaterials/PreviewShadowIndicator.uexp" 397
"../../../Engine/Content/EditorMaterials/PreviewShadowIndicator.ubulk" 398
"../../../Engine/Content/EditorMaterials/PreviewShadowIndicatorMaterial.uasset" 399
"../../../Engine/Content/EditorMaterials/PreviewShadowIndicatorMaterial.uexp" 400
"../../../Engine/Content/EditorMaterials/MatineeGroups/MAT_ColorTrack.uasset" 401
"../../../Engine/Content/EditorMaterials/MatineeGroups/MAT_ColorTrack.uexp" 402
"../../../Engine/Content/EditorMaterials/MatineeGroups/MAT_Groups_Anim.uasset" 403
"../../../Engine/Content/EditorMaterials/MatineeGroups/MAT_Groups_Anim.uexp" 404
"../../../Engine/Content/EditorMaterials/MatineeGroups/MAT_Groups_AudioMaster.uasset" 405
"../../../Engine/Content/EditorMaterials/MatineeGroups/MAT_Groups_AudioMaster.uexp" 406
"../../../Engine/Content/EditorMaterials/MatineeGroups/MAT_Groups_Director.uasset" 407
"../../../Engine/Content/EditorMaterials/MatineeGroups/MAT_Groups_Director.uexp" 408
"../../../Engine/Content/EditorMaterials/MatineeGroups/MAT_Groups_Event.uasset" 409
"../../../Engine/Content/EditorMaterials/MatineeGroups/MAT_Groups_Event.uexp" 410
"../../../Engine/Content/EditorMaterials/MatineeGroups/MAT_Groups_Fade.uasset" 411
"../../../Engine/Content/EditorMaterials/MatineeGroups/MAT_Groups_Fade.uexp" 412
"../../../Engine/Content/EditorMaterials/MatineeGroups/MAT_Groups_Float.uasset" 413
"../../../Engine/Content/EditorMaterials/MatineeGroups/MAT_Groups_Float.uexp" 414
"../../../Engine/Content/EditorMaterials/MatineeGroups/MAT_Groups_Move.uasset" 415
"../../../Engine/Content/EditorMaterials/MatineeGroups/MAT_Groups_Move.uexp" 416
"../../../Engine/Content/EditorMaterials/MatineeGroups/MAT_Groups_Slomo.uasset" 417
"../../../Engine/Content/EditorMaterials/MatineeGroups/MAT_Groups_Slomo.uexp" 418
"../../../Engine/Content/EditorMaterials/MatineeGroups/MAT_Groups_Sound.uasset" 419
"../../../Engine/Content/EditorMaterials/MatineeGroups/MAT_Groups_Sound.uexp" 420
"../../../Engine/Content/EditorMaterials/MatineeGroups/MAT_Groups_Vector.uasset" 421
"../../../Engine/Content/EditorMaterials/MatineeGroups/MAT_Groups_Vector.uexp" 422
"../../../Engine/Content/EditorMaterials/ParticleSystems/PSysThumbnail_NoImage.uasset" 423
"../../../Engine/Content/EditorMaterials/ParticleSystems/PSysThumbnail_NoImage.uexp" 424
"../../../Engine/Content/EditorMaterials/ParticleSystems/PSysThumbnail_NoImage.ubulk" 425
"../../../Engine/Content/EditorMaterials/ParticleSystems/PSysThumbnail_OOD.uasset" 426
"../../../Engine/Content/EditorMaterials/ParticleSystems/PSysThumbnail_OOD.uexp" 427
"../../../Engine/Content/EditorMaterials/ParticleSystems/PSysThumbnail_OOD.ubulk" 428
"../../../Engine/Content/EditorMaterials/Camera/CineMat.uasset" 429
"../../../Engine/Content/EditorMaterials/Camera/CineMat.uexp" 430
"../../../Engine/Content/EditorMaterials/Camera/MI_CineMat_Rig.uasset" 431
"../../../Engine/Content/EditorMaterials/Camera/MI_CineMat_Rig.uexp" 432
"../../../Engine/Content/EditorMeshes/Camera/SM_CraneRig_Arm.uasset" 433
"../../../Engine/Content/EditorMeshes/Camera/SM_CraneRig_Arm.uexp" 434
"../../../Engine/Content/EditorMeshes/Camera/SM_CraneRig_Base.uasset" 435
"../../../Engine/Content/EditorMeshes/Camera/SM_CraneRig_Base.uexp" 436
"../../../Engine/Content/EditorMeshes/Camera/SM_CraneRig_Body.uasset" 437
"../../../Engine/Content/EditorMeshes/Camera/SM_CraneRig_Body.uexp" 438
"../../../Engine/Content/EditorMeshes/Camera/SM_CraneRig_Mount.uasset" 439
"../../../Engine/Content/EditorMeshes/Camera/SM_CraneRig_Mount.uexp" 440
"../../../Engine/Content/EditorMeshes/Camera/SM_RailRig_Mount.uasset" 441
"../../../Engine/Content/EditorMeshes/Camera/SM_RailRig_Mount.uexp" 442
"../../../Engine/Content/EditorMeshes/Camera/SM_RailRig_Track.uasset" 443
"../../../Engine/Content/EditorMeshes/Camera/SM_RailRig_Track.uexp" 444
"../../../Engine/Content/EditorResources/BSPVertex.uasset" 445
"../../../Engine/Content/EditorResources/BSPVertex.uexp" 446
"../../../Engine/Content/EditorResources/EmptyActor.uasset" 447
"../../../Engine/Content/EditorResources/EmptyActor.uexp" 448
"../../../Engine/Content/EditorResources/S_Actor.uasset" 449
"../../../Engine/Content/EditorResources/S_Actor.uexp" 450
"../../../Engine/Content/EditorResources/S_Actor.ubulk" 451
"../../../Engine/Content/EditorResources/S_Note.uasset" 452
"../../../Engine/Content/EditorResources/S_Note.uexp" 453
"../../../Engine/Content/EditorResources/S_Note.ubulk" 454
"../../../Engine/Content/EditorResources/S_Solver.uasset" 455
"../../../Engine/Content/EditorResources/S_Solver.uexp" 456
"../../../Engine/Content/EditorResources/S_Solver.ubulk" 457
"../../../Engine/Content/EditorResources/S_Terrain.uasset" 458
"../../../Engine/Content/EditorResources/S_Terrain.uexp" 459
"../../../Engine/Content/EditorResources/S_Terrain.ubulk" 460
"../../../Engine/Content/EditorResources/S_Trigger.uasset" 461
"../../../Engine/Content/EditorResources/S_Trigger.uexp" 462
"../../../Engine/Content/EditorResources/S_Trigger.ubulk" 463
"../../../Engine/Content/EditorResources/LightIcons/S_LightError.uasset" 464
"../../../Engine/Content/EditorResources/LightIcons/S_LightError.uexp" 465
"../../../Engine/Content/EditorResources/SequenceRecorder/Countdown.uasset" 466
"../../../Engine/Content/EditorResources/SequenceRecorder/Countdown.uexp" 467
"../../../Engine/Content/EditorResources/SequenceRecorder/RecordingIndicator.uasset" 468
"../../../Engine/Content/EditorResources/SequenceRecorder/RecordingIndicator.uexp" 469
"../../../Engine/Content/EngineDamageTypes/DmgTypeBP_Environmental.uasset" 470
"../../../Engine/Content/EngineDamageTypes/DmgTypeBP_Environmental.uexp" 471
"../../../Engine/Content/EngineDebugMaterials/DebugEditorMaterial.uasset" 472
"../../../Engine/Content/EngineDebugMaterials/DebugEditorMaterial.uexp" 473
"../../../Engine/Content/EngineDebugMaterials/DebugMeshMaterial.uasset" 474
"../../../Engine/Content/EngineDebugMaterials/DebugMeshMaterial.uexp" 475
"../../../Engine/Content/EngineDebugMaterials/M_SimpleUnlitTranslucent.uasset" 476
"../../../Engine/Content/EngineDebugMaterials/M_SimpleUnlitTranslucent.uexp" 477
"../../../Engine/Content/EngineDebugMaterials/VolumeToRender.uasset" 478
"../../../Engine/Content/EngineDebugMaterials/VolumeToRender.uexp" 479
"../../../Engine/Content/Functions/Engine_MaterialFunctions02/Utility/CameraDirectionVector.uasset" 480
"../../../Engine/Content/Functions/Engine_MaterialFunctions02/Utility/CameraDirectionVector.uexp" 481
"../../../Engine/Content/EngineDebugMaterials/M_VolumeRenderSphereTracePP.uasset" 482
"../../../Engine/Content/EngineDebugMaterials/M_VolumeRenderSphereTracePP.uexp" 483
"../../../Engine/Content/Functions/Engine_MaterialFunctions01/Shading/ConvertFromDiffSpec.uasset" 484
"../../../Engine/Content/Functions/Engine_MaterialFunctions01/Shading/ConvertFromDiffSpec.uexp" 485
"../../../Engine/Content/EngineDebugMaterials/VertexColorMaterial.uasset" 486
"../../../Engine/Content/EngineDebugMaterials/VertexColorMaterial.uexp" 487
"../../../Engine/Content/EngineDebugMaterials/WireframeMaterial.uasset" 488
"../../../Engine/Content/EngineDebugMaterials/WireframeMaterial.uexp" 489
"../../../Engine/Content/EngineMaterials/BaseFlattenNormalMap.uasset" 490
"../../../Engine/Content/EngineMaterials/BaseFlattenNormalMap.uexp" 491
"../../../Engine/Content/EngineMaterials/BaseFlattenGrayscaleMap.uasset" 492
"../../../Engine/Content/EngineMaterials/BaseFlattenGrayscaleMap.uexp" 493
"../../../Engine/Content/EngineMaterials/BaseFlattenEmissiveMap.uasset" 494
"../../../Engine/Content/EngineMaterials/BaseFlattenEmissiveMap.uexp" 495
"../../../Engine/Content/EngineMaterials/BaseFlattenDiffuseMap.uasset" 496
"../../../Engine/Content/EngineMaterials/BaseFlattenDiffuseMap.uexp" 497
"../../../Engine/Content/EngineMaterials/BaseFlattenMaterial.uasset" 498
"../../../Engine/Content/EngineMaterials/BaseFlattenMaterial.uexp" 499
"../../../Engine/Content/EngineMaterials/BlueNoise.uasset" 500
"../../../Engine/Content/EngineMaterials/BlueNoise.uexp" 501
"../../../Engine/Content/EngineMaterials/DefaultBloomKernel.uasset" 502
"../../../Engine/Content/EngineMaterials/DefaultBloomKernel.uexp" 503
"../../../Engine/Content/EngineMaterials/DefaultBokeh.uasset" 504
"../../../Engine/Content/EngineMaterials/DefaultBokeh.uexp" 505
"../../../Engine/Content/EngineMaterials/DefaultDiffuse.uasset" 506
"../../../Engine/Content/EngineMaterials/DefaultDiffuse.uexp" 507
"../../../Engine/Content/EngineMaterials/DefaultDiffuse.ubulk" 508
"../../../Engine/Content/EngineMaterials/DefaultDeferredDecalMaterial.uasset" 509
"../../../Engine/Content/EngineMaterials/DefaultDeferredDecalMaterial.uexp" 510
"../../../Engine/Content/EngineMaterials/DefaultLightFunctionMaterial.uasset" 511
"../../../Engine/Content/EngineMaterials/DefaultLightFunctionMaterial.uexp" 512
"../../../Engine/Content/EngineMaterials/DefaultPhysicalMaterial.uasset" 513
"../../../Engine/Content/EngineMaterials/DefaultPhysicalMaterial.uexp" 514
"../../../Engine/Content/Functions/Engine_MaterialFunctions02/Utility/BreakOutFloat2Components.uasset" 515
"../../../Engine/Content/Functions/Engine_MaterialFunctions02/Utility/BreakOutFloat2Components.uexp" 516
"../../../Engine/Content/EngineMaterials/DefaultPostProcessMaterial.uasset" 517
"../../../Engine/Content/EngineMaterials/DefaultPostProcessMaterial.uexp" 518
"../../../Engine/Content/EngineFonts/RobotoDistanceField.uasset" 519
"../../../Engine/Content/EngineFonts/RobotoDistanceField.uexp" 520
"../../../Engine/Content/EngineMaterials/DefaultTextMaterialOpaque.uasset" 521
"../../../Engine/Content/EngineMaterials/DefaultTextMaterialOpaque.uexp" 522
"../../../Engine/Content/EngineMaterials/DefaultWhiteGrid.uasset" 523
"../../../Engine/Content/EngineMaterials/DefaultWhiteGrid.uexp" 524
"../../../Engine/Content/EngineMaterials/DefaultWhiteGrid.ubulk" 525
"../../../Engine/Content/EngineMaterials/DefaultWhiteGrid_Low.uasset" 526
"../../../Engine/Content/EngineMaterials/DefaultWhiteGrid_Low.uexp" 527
"../../../Engine/Content/EngineMaterials/EmissiveMeshMaterial.uasset" 528
"../../../Engine/Content/EngineMaterials/EmissiveMeshMaterial.uexp" 529
"../../../Engine/Content/EngineMaterials/GizmoMaterial.uasset" 530
"../../../Engine/Content/EngineMaterials/GizmoMaterial.uexp" 531
"../../../Engine/Content/EngineMaterials/Good64x64TilingNoiseHighFreq.uasset" 532
"../../../Engine/Content/EngineMaterials/Good64x64TilingNoiseHighFreq.uexp" 533
"../../../Engine/Content/EngineMaterials/MiniFont.uasset" 534
"../../../Engine/Content/EngineMaterials/MiniFont.uexp" 535
"../../../Engine/Content/EngineMaterials/InvalidLightmapSettings.uasset" 536
"../../../Engine/Content/EngineMaterials/InvalidLightmapSettings.uexp" 537
"../../../Engine/Content/EngineMaterials/InvalidLightmapSettings.ubulk" 538
"../../../Engine/Content/EngineMaterials/M_InvalidLightmapSettings.uasset" 539
"../../../Engine/Content/EngineMaterials/M_InvalidLightmapSettings.uexp" 540
"../../../Engine/Content/Functions/Engine_MaterialFunctions02/WorldPositionOffset/CameraOffset.uasset" 541
"../../../Engine/Content/Functions/Engine_MaterialFunctions02/WorldPositionOffset/CameraOffset.uexp" 542
"../../../Engine/Content/EngineMaterials/PhAT_JointLimitMaterial.uasset" 543
"../../../Engine/Content/EngineMaterials/PhAT_JointLimitMaterial.uexp" 544
"../../../Engine/Content/EngineMaterials/DefaultCalibrationColor.uasset" 545
"../../../Engine/Content/EngineMaterials/DefaultCalibrationColor.uexp" 546
"../../../Engine/Content/EngineMaterials/PPM_DefaultCalibrationColor.uasset" 547
"../../../Engine/Content/EngineMaterials/PPM_DefaultCalibrationColor.uexp" 548
"../../../Engine/Content/EngineMaterials/DefaultCalibrationGrayscale.uasset" 549
"../../../Engine/Content/EngineMaterials/DefaultCalibrationGrayscale.uexp" 550
"../../../Engine/Content/EngineMaterials/PPM_DefaultCalibrationGrayscale.uasset" 551
"../../../Engine/Content/EngineMaterials/PPM_DefaultCalibrationGrayscale.uexp" 552
"../../../Engine/Content/EngineMaterials/PreintegratedSkinBRDF.uasset" 553
"../../../Engine/Content/EngineMaterials/PreintegratedSkinBRDF.uexp" 554
"../../../Engine/Content/EngineMaterials/RemoveSurfaceMaterial.uasset" 555
"../../../Engine/Content/EngineMaterials/RemoveSurfaceMaterial.uexp" 556
"../../../Engine/Content/EngineMaterials/WeightMapPlaceholderTexture.uasset" 557
"../../../Engine/Content/EngineMaterials/WeightMapPlaceholderTexture.uexp" 558
"../../../Engine/Content/EngineResources/WhiteSquareTexture.uasset" 559
"../../../Engine/Content/EngineResources/WhiteSquareTexture.uexp" 560
"../../../Engine/Content/EngineMaterials/Widget3DPassThrough.uasset" 561
"../../../Engine/Content/EngineMaterials/Widget3DPassThrough.uexp" 562
"../../../Engine/Content/EngineMaterials/Widget3DPassThrough_Masked.uasset" 563
"../../../Engine/Content/EngineMaterials/Widget3DPassThrough_Masked.uexp" 564
"../../../Engine/Content/EngineMaterials/Widget3DPassThrough_Opaque.uasset" 565
"../../../Engine/Content/EngineMaterials/Widget3DPassThrough_Opaque.uexp" 566
"../../../Engine/Content/EngineMaterials/Widget3DPassThrough_Masked_OneSided.uasset" 567
"../../../Engine/Content/EngineMaterials/Widget3DPassThrough_Masked_OneSided.uexp" 568
"../../../Engine/Content/EngineMaterials/Widget3DPassThrough_Opaque_OneSided.uasset" 569
"../../../Engine/Content/EngineMaterials/Widget3DPassThrough_Opaque_OneSided.uexp" 570
"../../../Engine/Content/EngineMaterials/Widget3DPassThrough_Translucent.uasset" 571
"../../../Engine/Content/EngineMaterials/Widget3DPassThrough_Translucent.uexp" 572
"../../../Engine/Content/EngineMaterials/Widget3DPassThrough_Translucent_OneSided.uasset" 573
"../../../Engine/Content/EngineMaterials/Widget3DPassThrough_Translucent_OneSided.uexp" 574
"../../../Engine/Content/EngineMeshes/Cube.uasset" 575
"../../../Engine/Content/EngineMeshes/Cube.uexp" 576
"../../../Engine/Content/EngineMeshes/Cylinder.uasset" 577
"../../../Engine/Content/EngineMeshes/Cylinder.uexp" 578
"../../../Engine/Content/EngineMeshes/Sphere.uasset" 579
"../../../Engine/Content/EngineMeshes/Sphere.uexp" 580
"../../../Engine/Content/EngineResources/DefaultTexture.uasset" 581
"../../../Engine/Content/EngineResources/DefaultTexture.uexp" 582
"../../../Engine/Content/EngineResources/DefaultTexture.ubulk" 583
"../../../Engine/Content/EngineResources/DefaultTextureCube.uasset" 584
"../../../Engine/Content/EngineResources/DefaultTextureCube.uexp" 585
"../../../Engine/Content/EngineResources/DefaultVolumeTexture2D.uasset" 586
"../../../Engine/Content/EngineResources/DefaultVolumeTexture2D.uexp" 587
"../../../Engine/Content/EngineResources/DefaultVolumeTexture.uasset" 588
"../../../Engine/Content/EngineResources/DefaultVolumeTexture.uexp" 589
"../../../Engine/Content/EngineResources/GradientTexture0.uasset" 590
"../../../Engine/Content/EngineResources/GradientTexture0.uexp" 591
"../../../Engine/Content/EngineSky/VolumetricClouds/T_NoiseShape64.uasset" 592
"../../../Engine/Content/EngineSky/VolumetricClouds/T_NoiseShape64.uexp" 593
"../../../Engine/Content/EngineSky/VolumetricClouds/T_NoiseShape64.ubulk" 594
"../../../Engine/Content/EngineSky/VolumetricClouds/T_VolumeNoiseShape64.uasset" 595
"../../../Engine/Content/EngineSky/VolumetricClouds/T_VolumeNoiseShape64.uexp" 596
"../../../Engine/Content/EngineSky/VolumetricClouds/T_NoiseErosion.uasset" 597
"../../../Engine/Content/EngineSky/VolumetricClouds/T_NoiseErosion.uexp" 598
"../../../Engine/Content/EngineSky/VolumetricClouds/T_NoiseErosion.ubulk" 599
"../../../Engine/Content/EngineSky/VolumetricClouds/T_VolumeNoiseErosion32.uasset" 600
"../../../Engine/Content/EngineSky/VolumetricClouds/T_VolumeNoiseErosion32.uexp" 601
"../../../Engine/Content/EngineSky/VolumetricClouds/CloudWeatherTexture.uasset" 602
"../../../Engine/Content/EngineSky/VolumetricClouds/CloudWeatherTexture.uexp" 603
"../../../Engine/Content/EngineSky/VolumetricClouds/CloudGradientTexture.uasset" 604
"../../../Engine/Content/EngineSky/VolumetricClouds/CloudGradientTexture.uexp" 605
"../../../Engine/Content/Functions/Engine_MaterialFunctions02/Utility/MakeFloat2.uasset" 606
"../../../Engine/Content/Functions/Engine_MaterialFunctions02/Utility/MakeFloat2.uexp" 607
"../../../Engine/Content/EngineSky/VolumetricClouds/m_SimpleVolumetricCloud.uasset" 608
"../../../Engine/Content/EngineSky/VolumetricClouds/m_SimpleVolumetricCloud.uexp" 609
"../../../Engine/Content/EngineSky/VolumetricClouds/m_SimpleVolumetricCloud_Inst.uasset" 610
"../../../Engine/Content/EngineSky/VolumetricClouds/m_SimpleVolumetricCloud_Inst.uexp" 611
"../../../Engine/Content/EngineSounds/Master.uasset" 612
"../../../Engine/Content/EngineSounds/Master.uexp" 613
"../../../Engine/Content/Functions/Engine_MaterialFunctions01/Shading/PowerToRoughness.uasset" 614
"../../../Engine/Content/Functions/Engine_MaterialFunctions01/Shading/PowerToRoughness.uexp" 615
"../../../Engine/Content/Maps/Templates/Thumbnails/Default.uasset" 616
"../../../Engine/Content/Maps/Templates/Thumbnails/Default.uexp" 617
"../../../Engine/Content/Maps/Templates/Thumbnails/TimeOfDay.uasset" 618
"../../../Engine/Content/Maps/Templates/Thumbnails/TimeOfDay.uexp" 619
"../../../Engine/Content/Maps/Templates/Thumbnails/VR-Basic.uasset" 620
"../../../Engine/Content/Maps/Templates/Thumbnails/VR-Basic.uexp" 621
"../../../Engine/Content/MobileResources/T_MobileControls_texture.uasset" 622
"../../../Engine/Content/MobileResources/T_MobileControls_texture.uexp" 623
"../../../Engine/Content/MobileResources/T_MobileMenu2.uasset" 624
"../../../Engine/Content/MobileResources/T_MobileMenu2.uexp" 625
"../../../Engine/Content/MobileResources/HUD/AnalogHat.uasset" 626
"../../../Engine/Content/MobileResources/HUD/AnalogHat.uexp" 627
"../../../Engine/Content/MobileResources/HUD/VirtualJoystick_Thumb.uasset" 628
"../../../Engine/Content/MobileResources/HUD/VirtualJoystick_Thumb.uexp" 629
"../../../Engine/Content/MobileResources/HUD/VirtualJoystick_Background.uasset" 630
"../../../Engine/Content/MobileResources/HUD/VirtualJoystick_Background.uexp" 631
"../../../Engine/Content/MobileResources/HUD/DefaultVirtualJoysticks.uasset" 632
"../../../Engine/Content/MobileResources/HUD/DefaultVirtualJoysticks.uexp" 633
"../../../Engine/Content/MobileResources/HUD/LeftVirtualJoystickOnly.uasset" 634
"../../../Engine/Content/MobileResources/HUD/LeftVirtualJoystickOnly.uexp" 635
"../../../Engine/Content/MobileResources/HUD/MobileHUDButton1_off.uasset" 636
"../../../Engine/Content/MobileResources/HUD/MobileHUDButton1_off.uexp" 637
"../../../Engine/Content/MobileResources/HUD/MobileHUDButton1_on.uasset" 638
"../../../Engine/Content/MobileResources/HUD/MobileHUDButton1_on.uexp" 639
"../../../Engine/Content/MobileResources/HUD/MobileHUDButton2_off.uasset" 640
"../../../Engine/Content/MobileResources/HUD/MobileHUDButton2_off.uexp" 641
"../../../Engine/Content/MobileResources/HUD/MobileHUDButton2_on.uasset" 642
"../../../Engine/Content/MobileResources/HUD/MobileHUDButton2_on.uexp" 643
"../../../Engine/Content/MobileResources/HUD/MobileHUDButton3.uasset" 644
"../../../Engine/Content/MobileResources/HUD/MobileHUDButton3.uexp" 645
"../../../Engine/Content/MobileResources/HUD/MobileHUDButtonFire.uasset" 646
"../../../Engine/Content/MobileResources/HUD/MobileHUDButtonFire.uexp" 647
"../../../Engine/Content/MobileResources/HUD/MobileHUDDirectionPad.uasset" 648
"../../../Engine/Content/MobileResources/HUD/MobileHUDDirectionPad.uexp" 649
"../../../Engine/Content/MobileResources/HUD/MobileHUDDirectionPad2.uasset" 650
"../../../Engine/Content/MobileResources/HUD/MobileHUDDirectionPad2.uexp" 651
"../../../Engine/Content/MobileResources/HUD/MobileHUDDirectionPad3.uasset" 652
"../../../Engine/Content/MobileResources/HUD/MobileHUDDirectionPad3.uexp" 653
"../../../Engine/Content/MobileResources/HUD/MobileHUDDirectionStick.uasset" 654
"../../../Engine/Content/MobileResources/HUD/MobileHUDDirectionStick.uexp" 655
"../../../Engine/Content/MobileResources/HUD/T_Castle_ThumbstickInner.uasset" 656
"../../../Engine/Content/MobileResources/HUD/T_Castle_ThumbstickInner.uexp" 657
"../../../Engine/Content/MobileResources/HUD/T_Castle_ThumbstickOutter.uasset" 658
"../../../Engine/Content/MobileResources/HUD/T_Castle_ThumbstickOutter.uexp" 659
"../../../Engine/Content/Tutorial/ContentIntroCurve.uasset" 660
"../../../Engine/Content/Tutorial/ContentIntroCurve.uexp" 661
"../../../Engine/Content/Tutorial/Basics/TutorialAssets/icon_tab_Levels_40x.uasset" 662
"../../../Engine/Content/Tutorial/Basics/TutorialAssets/icon_tab_Levels_40x.uexp" 663
"../../../Engine/Content/Tutorial/BlueprintTutorials/TutorialAssets/Blueprint_64x.uasset" 664
"../../../Engine/Content/Tutorial/BlueprintTutorials/TutorialAssets/Blueprint_64x.uexp" 665
"../../../Engine/Content/VREditor/TransformGizmo/TranslucentTransformGizmoMaterial.uasset" 666
"../../../Engine/Content/VREditor/TransformGizmo/TranslucentTransformGizmoMaterial.uexp" 667
"../../../Engine/Content/VREditor/LaserPointer/VR_LaserPower_01.uasset" 668
"../../../Engine/Content/VREditor/LaserPointer/VR_LaserPower_01.uexp" 669
"../../../Engine/Content/VREditor/LaserPointer/VR_LaserPower_01.ubulk" 670
"../../../Engine/Content/VREditor/TransformGizmo/TransformGizmoMaterial.uasset" 671
"../../../Engine/Content/VREditor/TransformGizmo/TransformGizmoMaterial.uexp" 672
"../../../Engine/Content/VREditor/TransformGizmo/BoundingBoxCorner.uasset" 673
"../../../Engine/Content/VREditor/TransformGizmo/BoundingBoxCorner.uexp" 674
"../../../Engine/Content/VREditor/TransformGizmo/BoundingBoxEdge.uasset" 675
"../../../Engine/Content/VREditor/TransformGizmo/BoundingBoxEdge.uexp" 676
"../../../Engine/Content/VREditor/TransformGizmo/PlaneTranslationHandle.uasset" 677
"../../../Engine/Content/VREditor/TransformGizmo/PlaneTranslationHandle.uexp" 678
"../../../Engine/Content/VREditor/TransformGizmo/Xray.uasset" 679
"../../../Engine/Content/VREditor/TransformGizmo/Xray.uexp" 680
"../../../Engine/Content/VREditor/TransformGizmo/Main.uasset" 681
"../../../Engine/Content/VREditor/TransformGizmo/Main.uexp" 682
"../../../Engine/Content/VREditor/TransformGizmo/SM_Sequencer_Key.uasset" 683
"../../../Engine/Content/VREditor/TransformGizmo/SM_Sequencer_Key.uexp" 684
"../../../Engine/Content/VREditor/TransformGizmo/SM_Sequencer_Node.uasset" 685
"../../../Engine/Content/VREditor/TransformGizmo/SM_Sequencer_Node.uexp" 686
"../../../Engine/Plugins/2D/Paper2D/Content/DefaultPaperTerrainMaterial.uasset" 687
"../../../Engine/Plugins/2D/Paper2D/Content/DefaultPaperTerrainMaterial.uexp" 688
"../../../Engine/Plugins/2D/Paper2D/Content/MaskedUnlitSpriteMaterial.uasset" 689
"../../../Engine/Plugins/2D/Paper2D/Content/MaskedUnlitSpriteMaterial.uexp" 690
"../../../Engine/Plugins/2D/Paper2D/Content/OpaqueUnlitSpriteMaterial.uasset" 691
"../../../Engine/Plugins/2D/Paper2D/Content/OpaqueUnlitSpriteMaterial.uexp" 692
"../../../Engine/Content/Functions/Engine_MaterialFunctions02/Utility/BreakOutFloat3Components.uasset" 693
"../../../Engine/Content/Functions/Engine_MaterialFunctions02/Utility/BreakOutFloat3Components.uexp" 694
"../../../Engine/Plugins/Editor/SpeedTreeImporter/Content/SpeedTree9/UnpackInteger3.uasset" 695
"../../../Engine/Plugins/Editor/SpeedTreeImporter/Content/SpeedTree9/UnpackInteger3.uexp" 696
"../../../Engine/Plugins/Editor/SpeedTreeImporter/Content/SpeedTree9/UnpackDirection.uasset" 697
"../../../Engine/Plugins/Editor/SpeedTreeImporter/Content/SpeedTree9/UnpackDirection.uexp" 698
"../../../Engine/Plugins/Editor/SpeedTreeImporter/Content/SpeedTree9/game_wind_noise.uasset" 699
"../../../Engine/Plugins/Editor/SpeedTreeImporter/Content/SpeedTree9/game_wind_noise.uexp" 700
"../../../Engine/Plugins/Editor/SpeedTreeImporter/Content/SpeedTree9/game_wind_noise.ubulk" 701
"../../../Engine/Content/Functions/Engine_MaterialFunctions02/SafeNormalize.uasset" 702
"../../../Engine/Content/Functions/Engine_MaterialFunctions02/SafeNormalize.uexp" 703
"../../../Engine/Plugins/Editor/SpeedTreeImporter/Content/SpeedTree9/SpeedTreeWindMotion.uasset" 704
"../../../Engine/Plugins/Editor/SpeedTreeImporter/Content/SpeedTree9/SpeedTreeWindMotion.uexp" 705
"../../../Engine/Plugins/Editor/SpeedTreeImporter/Content/SpeedTree9/SpeedTreeBranchMotion.uasset" 706
"../../../Engine/Plugins/Editor/SpeedTreeImporter/Content/SpeedTree9/SpeedTreeBranchMotion.uexp" 707
"../../../Engine/Content/Functions/Engine_MaterialFunctions02/ObjectLocalBounds.uasset" 708
"../../../Engine/Content/Functions/Engine_MaterialFunctions02/ObjectLocalBounds.uexp" 709
"../../../Engine/Content/Functions/Engine_MaterialFunctions02/UVs/BoundingBoxBased_0-1_UVW.uasset" 710
"../../../Engine/Content/Functions/Engine_MaterialFunctions02/UVs/BoundingBoxBased_0-1_UVW.uexp" 711
"../../../Engine/Content/Functions/Engine_MaterialFunctions02/Utility/VectorLength.uasset" 712
"../../../Engine/Content/Functions/Engine_MaterialFunctions02/Utility/VectorLength.uexp" 713
"../../../Engine/Content/Functions/Engine_MaterialFunctions02/WorldPositionOffset/ObjectScale.uasset" 714
"../../../Engine/Content/Functions/Engine_MaterialFunctions02/WorldPositionOffset/ObjectScale.uexp" 715
"../../../Engine/Plugins/Editor/SpeedTreeImporter/Content/SpeedTree9/SpeedTreeWind.uasset" 716
"../../../Engine/Plugins/Editor/SpeedTreeImporter/Content/SpeedTree9/SpeedTreeWind.uexp" 717
"../../../Engine/Plugins/Editor/SpeedTreeImporter/Content/SpeedTree9/SpeedTreeBillboard.uasset" 718
"../../../Engine/Plugins/Editor/SpeedTreeImporter/Content/SpeedTree9/SpeedTreeBillboard.uexp" 719
"../../../Engine/Plugins/Editor/SpeedTreeImporter/Content/SpeedTree9/EmptyNormal.uasset" 720
"../../../Engine/Plugins/Editor/SpeedTreeImporter/Content/SpeedTree9/EmptyNormal.uexp" 721
"../../../Engine/Plugins/Editor/SpeedTreeImporter/Content/SpeedTree9/Empty.uasset" 722
"../../../Engine/Plugins/Editor/SpeedTreeImporter/Content/SpeedTree9/Empty.uexp" 723
"../../../Engine/Plugins/Editor/SpeedTreeImporter/Content/SpeedTree9/SpeedTreeBillboardMaster.uasset" 724
"../../../Engine/Plugins/Editor/SpeedTreeImporter/Content/SpeedTree9/SpeedTreeBillboardMaster.uexp" 725
"../../../Engine/Plugins/Editor/SpeedTreeImporter/Content/SpeedTree9/SpeedTreeCameraFacing.uasset" 726
"../../../Engine/Plugins/Editor/SpeedTreeImporter/Content/SpeedTree9/SpeedTreeCameraFacing.uexp" 727
"../../../Engine/Plugins/Editor/SpeedTreeImporter/Content/SpeedTree9/SpeedTreeMaster.uasset" 728
"../../../Engine/Plugins/Editor/SpeedTreeImporter/Content/SpeedTree9/SpeedTreeMaster.uexp" 729
"../../../Engine/Content/BasicShapes/Cylinder.uasset" 730
"../../../Engine/Content/BasicShapes/Cylinder.uexp" 731
"../../../Engine/Content/ArtTools/RenderToTexture/Materials/Debug/M_Emissive_Color.uasset" 732
"../../../Engine/Content/ArtTools/RenderToTexture/Materials/Debug/M_Emissive_Color.uexp" 733
"../../../Engine/Plugins/Lumin/MagicLeapPassableWorld/Content/MagicLeapARPinInfoActor.uasset" 734
"../../../Engine/Plugins/Lumin/MagicLeapPassableWorld/Content/MagicLeapARPinInfoActor.uexp" 735
"../../../Engine/Plugins/Runtime/OpenXR/Content/Devices/GoogleDaydream/MRTexture.uasset" 736
"../../../Engine/Plugins/Runtime/OpenXR/Content/Devices/GoogleDaydream/MRTexture.uexp" 737
"../../../Engine/Plugins/Runtime/OpenXR/Content/Devices/GoogleDaydream/MRTexture.ubulk" 738
"../../../Engine/Plugins/Runtime/OpenXR/Content/Devices/GoogleDaydream/BaseTexture.uasset" 739
"../../../Engine/Plugins/Runtime/OpenXR/Content/Devices/GoogleDaydream/BaseTexture.uexp" 740
"../../../Engine/Plugins/Runtime/OpenXR/Content/Devices/GoogleDaydream/BaseTexture.ubulk" 741
"../../../Engine/Content/EngineResources/Black.uasset" 742
"../../../Engine/Content/EngineResources/Black.uexp" 743
"../../../Engine/Plugins/Runtime/OpenXR/Content/Devices/M_XRController.uasset" 744
"../../../Engine/Plugins/Runtime/OpenXR/Content/Devices/M_XRController.uexp" 745
"../../../Engine/Plugins/Runtime/OpenXR/Content/Devices/GoogleDaydream/MI_GoogleDaydream.uasset" 746
"../../../Engine/Plugins/Runtime/OpenXR/Content/Devices/GoogleDaydream/MI_GoogleDaydream.uexp" 747
"../../../Engine/Plugins/Runtime/OpenXR/Content/Devices/GoogleDaydream/GoogleDaydreamController.uasset" 748
"../../../Engine/Plugins/Runtime/OpenXR/Content/Devices/GoogleDaydream/GoogleDaydreamController.uexp" 749
"../../../Engine/Plugins/Runtime/OpenXR/Content/Devices/HTCVive/BaseTexture.uasset" 750
"../../../Engine/Plugins/Runtime/OpenXR/Content/Devices/HTCVive/BaseTexture.uexp" 751
"../../../Engine/Plugins/Runtime/OpenXR/Content/Devices/HTCVive/BaseTexture.ubulk" 752
"../../../Engine/Plugins/Runtime/OpenXR/Content/Devices/HTCVive/MI_HTCVive.uasset" 753
"../../../Engine/Plugins/Runtime/OpenXR/Content/Devices/HTCVive/MI_HTCVive.uexp" 754
"../../../Engine/Plugins/Runtime/OpenXR/Content/Devices/HTCVive/HTCViveController.uasset" 755
"../../../Engine/Plugins/Runtime/OpenXR/Content/Devices/HTCVive/HTCViveController.uexp" 756
"../../../Engine/Plugins/Runtime/OpenXR/Content/Devices/MicrosoftMixedReality/NormalTexture.uasset" 757
"../../../Engine/Plugins/Runtime/OpenXR/Content/Devices/MicrosoftMixedReality/NormalTexture.uexp" 758
"../../../Engine/Plugins/Runtime/OpenXR/Content/Devices/MicrosoftMixedReality/NormalTexture.ubulk" 759
"../../../Engine/Plugins/Runtime/OpenXR/Content/Devices/MicrosoftMixedReality/MRTexture.uasset" 760
"../../../Engine/Plugins/Runtime/OpenXR/Content/Devices/MicrosoftMixedReality/MRTexture.uexp" 761
"../../../Engine/Plugins/Runtime/OpenXR/Content/Devices/MicrosoftMixedReality/MRTexture.ubulk" 762
"../../../Engine/Plugins/Runtime/OpenXR/Content/Devices/MicrosoftMixedReality/EmissiveTexture.uasset" 763
"../../../Engine/Plugins/Runtime/OpenXR/Content/Devices/MicrosoftMixedReality/EmissiveTexture.uexp" 764
"../../../Engine/Plugins/Runtime/OpenXR/Content/Devices/MicrosoftMixedReality/EmissiveTexture.ubulk" 765
"../../../Engine/Plugins/Runtime/OpenXR/Content/Devices/MicrosoftMixedReality/BaseTexture.uasset" 766
"../../../Engine/Plugins/Runtime/OpenXR/Content/Devices/MicrosoftMixedReality/BaseTexture.uexp" 767
"../../../Engine/Plugins/Runtime/OpenXR/Content/Devices/MicrosoftMixedReality/BaseTexture.ubulk" 768
"../../../Engine/Plugins/Runtime/OpenXR/Content/Devices/MicrosoftMixedReality/MI_MicrosoftMixedReality.uasset" 769
"../../../Engine/Plugins/Runtime/OpenXR/Content/Devices/MicrosoftMixedReality/MI_MicrosoftMixedReality.uexp" 770
"../../../Engine/Plugins/Runtime/OpenXR/Content/Devices/MicrosoftMixedReality/Left/left_MicrosoftMixedRealityController.uasset" 771
"../../../Engine/Plugins/Runtime/OpenXR/Content/Devices/MicrosoftMixedReality/Left/left_MicrosoftMixedRealityController.uexp" 772
"../../../Engine/Plugins/Runtime/OpenXR/Content/Devices/MicrosoftMixedReality/Right/right_MicrosoftMixedRealityController.uasset" 773
"../../../Engine/Plugins/Runtime/OpenXR/Content/Devices/MicrosoftMixedReality/Right/right_MicrosoftMixedRealityController.uexp" 774
"../../../Engine/Plugins/Runtime/OpenXR/Content/Devices/OculusGo/BaseTexture.uasset" 775
"../../../Engine/Plugins/Runtime/OpenXR/Content/Devices/OculusGo/BaseTexture.uexp" 776
"../../../Engine/Plugins/Runtime/OpenXR/Content/Devices/OculusGo/BaseTexture.ubulk" 777
"../../../Engine/Plugins/Runtime/OpenXR/Content/Devices/OculusGo/MI_OculusGo.uasset" 778
"../../../Engine/Plugins/Runtime/OpenXR/Content/Devices/OculusGo/MI_OculusGo.uexp" 779
"../../../Engine/Plugins/Runtime/OpenXR/Content/Devices/OculusGo/OculusGoController.uasset" 780
"../../../Engine/Plugins/Runtime/OpenXR/Content/Devices/OculusGo/OculusGoController.uexp" 781
"../../../Engine/Plugins/Runtime/OpenXR/Content/Devices/OculusTouch/MRTexture.uasset" 782
"../../../Engine/Plugins/Runtime/OpenXR/Content/Devices/OculusTouch/MRTexture.uexp" 783
"../../../Engine/Plugins/Runtime/OpenXR/Content/Devices/OculusTouch/MRTexture.ubulk" 784
"../../../Engine/Plugins/Runtime/OpenXR/Content/Devices/OculusTouch/BaseTexture.uasset" 785
"../../../Engine/Plugins/Runtime/OpenXR/Content/Devices/OculusTouch/BaseTexture.uexp" 786
"../../../Engine/Plugins/Runtime/OpenXR/Content/Devices/OculusTouch/BaseTexture.ubulk" 787
"../../../Engine/Plugins/Runtime/OpenXR/Content/Devices/OculusTouch/MI_OculusTouch.uasset" 788
"../../../Engine/Plugins/Runtime/OpenXR/Content/Devices/OculusTouch/MI_OculusTouch.uexp" 789
"../../../Engine/Plugins/Runtime/OpenXR/Content/Devices/OculusTouch/Left/left_OculusTouchController.uasset" 790
"../../../Engine/Plugins/Runtime/OpenXR/Content/Devices/OculusTouch/Left/left_OculusTouchController.uexp" 791
"../../../Engine/Plugins/Runtime/OpenXR/Content/Devices/OculusTouch/Right/right_OculusTouchController.uasset" 792
"../../../Engine/Plugins/Runtime/OpenXR/Content/Devices/OculusTouch/Right/right_OculusTouchController.uexp" 793
"../../../Engine/Plugins/Runtime/OpenXR/Content/Devices/OculusTouch_v2/MRTexture.uasset" 794
"../../../Engine/Plugins/Runtime/OpenXR/Content/Devices/OculusTouch_v2/MRTexture.uexp" 795
"../../../Engine/Plugins/Runtime/OpenXR/Content/Devices/OculusTouch_v2/MRTexture.ubulk" 796
"../../../Engine/Plugins/Runtime/OpenXR/Content/Devices/OculusTouch_v2/BaseTexture.uasset" 797
"../../../Engine/Plugins/Runtime/OpenXR/Content/Devices/OculusTouch_v2/BaseTexture.uexp" 798
"../../../Engine/Plugins/Runtime/OpenXR/Content/Devices/OculusTouch_v2/BaseTexture.ubulk" 799
"../../../Engine/Plugins/Runtime/OpenXR/Content/Devices/OculusTouch_v2/MI_OculusTouch_v2.uasset" 800
"../../../Engine/Plugins/Runtime/OpenXR/Content/Devices/OculusTouch_v2/MI_OculusTouch_v2.uexp" 801
"../../../Engine/Plugins/Runtime/OpenXR/Content/Devices/OculusTouch_v2/Left/left_OculusTouch_v2Controller.uasset" 802
"../../../Engine/Plugins/Runtime/OpenXR/Content/Devices/OculusTouch_v2/Left/left_OculusTouch_v2Controller.uexp" 803
"../../../Engine/Plugins/Runtime/OpenXR/Content/Devices/OculusTouch_v2/Right/right_OculusTouch_v2Controller.uasset" 804
"../../../Engine/Plugins/Runtime/OpenXR/Content/Devices/OculusTouch_v2/Right/right_OculusTouch_v2Controller.uexp" 805
"../../../Engine/Plugins/Runtime/OpenXR/Content/Devices/OculusTouch_v3/MRTexture.uasset" 806
"../../../Engine/Plugins/Runtime/OpenXR/Content/Devices/OculusTouch_v3/MRTexture.uexp" 807
"../../../Engine/Plugins/Runtime/OpenXR/Content/Devices/OculusTouch_v3/MRTexture.ubulk" 808
"../../../Engine/Plugins/Runtime/OpenXR/Content/Devices/OculusTouch_v3/BaseTexture.uasset" 809
"../../../Engine/Plugins/Runtime/OpenXR/Content/Devices/OculusTouch_v3/BaseTexture.uexp" 810
"../../../Engine/Plugins/Runtime/OpenXR/Content/Devices/OculusTouch_v3/BaseTexture.ubulk" 811
"../../../Engine/Plugins/Runtime/OpenXR/Content/Devices/OculusTouch_v3/MI_OculusTouch_v3.uasset" 812
"../../../Engine/Plugins/Runtime/OpenXR/Content/Devices/OculusTouch_v3/MI_OculusTouch_v3.uexp" 813
"../../../Engine/Plugins/Runtime/OpenXR/Content/Devices/OculusTouch_v3/Left/left_OculusTouch_v3Controller.uasset" 814
"../../../Engine/Plugins/Runtime/OpenXR/Content/Devices/OculusTouch_v3/Left/left_OculusTouch_v3Controller.uexp" 815
"../../../Engine/Plugins/Runtime/OpenXR/Content/Devices/OculusTouch_v3/Right/right_OculusTouch_v3Controller.uasset" 816
"../../../Engine/Plugins/Runtime/OpenXR/Content/Devices/OculusTouch_v3/Right/right_OculusTouch_v3Controller.uexp" 817
"../../../Engine/Plugins/Runtime/OpenXR/Content/Devices/ValveIndex/MRTexture.uasset" 818
"../../../Engine/Plugins/Runtime/OpenXR/Content/Devices/ValveIndex/MRTexture.uexp" 819
"../../../Engine/Plugins/Runtime/OpenXR/Content/Devices/ValveIndex/MRTexture.ubulk" 820
"../../../Engine/Plugins/Runtime/OpenXR/Content/Devices/ValveIndex/BaseTexture.uasset" 821
"../../../Engine/Plugins/Runtime/OpenXR/Content/Devices/ValveIndex/BaseTexture.uexp" 822
"../../../Engine/Plugins/Runtime/OpenXR/Content/Devices/ValveIndex/BaseTexture.ubulk" 823
"../../../Engine/Plugins/Runtime/OpenXR/Content/Devices/ValveIndex/Left/MI_left_ValveIndex.uasset" 824
"../../../Engine/Plugins/Runtime/OpenXR/Content/Devices/ValveIndex/Left/MI_left_ValveIndex.uexp" 825
"../../../Engine/Plugins/Runtime/OpenXR/Content/Devices/ValveIndex/Left/left_ValveIndexController.uasset" 826
"../../../Engine/Plugins/Runtime/OpenXR/Content/Devices/ValveIndex/Left/left_ValveIndexController.uexp" 827
"../../../Engine/Plugins/Runtime/OpenXR/Content/Devices/ValveIndex/Right/MI_right_ValveIndex.uasset" 828
"../../../Engine/Plugins/Runtime/OpenXR/Content/Devices/ValveIndex/Right/MI_right_ValveIndex.uexp" 829
"../../../Engine/Plugins/Runtime/OpenXR/Content/Devices/ValveIndex/Right/right_ValveIndexController.uasset" 830
"../../../Engine/Plugins/Runtime/OpenXR/Content/Devices/ValveIndex/Right/right_ValveIndexController.uexp" 831
"../../../Engine/Content/Functions/Engine_MaterialFunctions02/Utility/BreakOutFloat4Components.uasset" 832
"../../../Engine/Content/Functions/Engine_MaterialFunctions02/Utility/BreakOutFloat4Components.uexp" 833
"../../../Engine/Content/Functions/Engine_MaterialFunctions02/Utility/MakeFloat3.uasset" 834
"../../../Engine/Content/Functions/Engine_MaterialFunctions02/Utility/MakeFloat3.uexp" 835
"../../../Engine/Plugins/Runtime/Oculus/OculusVR/Content/Materials/OculusMR_ChromaKey.uasset" 836
"../../../Engine/Plugins/Runtime/Oculus/OculusVR/Content/Materials/OculusMR_ChromaKey.uexp" 837
"../../../Engine/Plugins/Runtime/Oculus/OculusVR/Content/Materials/OculusMR_OpaqueColoredMaterial.uasset" 838
"../../../Engine/Plugins/Runtime/Oculus/OculusVR/Content/Materials/OculusMR_OpaqueColoredMaterial.uexp" 839
"../../../Engine/Plugins/Runtime/Oculus/OculusVR/Content/Materials/PokeAHoleMaterial.uasset" 840
"../../../Engine/Plugins/Runtime/Oculus/OculusVR/Content/Materials/PokeAHoleMaterial.uexp" 841
"../../../Engine/Plugins/Runtime/Oculus/OculusVR/Content/Textures/touchController_controlmap.uasset" 842
"../../../Engine/Plugins/Runtime/Oculus/OculusVR/Content/Textures/touchController_controlmap.uexp" 843
"../../../Engine/Plugins/Runtime/Oculus/OculusVR/Content/Textures/touchController_controlmap.ubulk" 844
"../../../Engine/Plugins/Runtime/Oculus/OculusVR/Content/Textures/touchController_albedo.uasset" 845
"../../../Engine/Plugins/Runtime/Oculus/OculusVR/Content/Textures/touchController_albedo.uexp" 846
"../../../Engine/Plugins/Runtime/Oculus/OculusVR/Content/Textures/touchController_albedo.ubulk" 847
"../../../Engine/Plugins/Runtime/Oculus/OculusVR/Content/Materials/touchController_mat.uasset" 848
"../../../Engine/Plugins/Runtime/Oculus/OculusVR/Content/Materials/touchController_mat.uexp" 849
"../../../Engine/Plugins/Runtime/Oculus/OculusVR/Content/Meshes/LeftTouchController.uasset" 850
"../../../Engine/Plugins/Runtime/Oculus/OculusVR/Content/Meshes/LeftTouchController.uexp" 851
"../../../Engine/Plugins/Runtime/Oculus/OculusVR/Content/Textures/TouchForQuestRiftSController_albedo.uasset" 852
"../../../Engine/Plugins/Runtime/Oculus/OculusVR/Content/Textures/TouchForQuestRiftSController_albedo.uexp" 853
"../../../Engine/Plugins/Runtime/Oculus/OculusVR/Content/Textures/TouchForQuestRiftSController_albedo.ubulk" 854
"../../../Engine/Plugins/Runtime/Oculus/OculusVR/Content/Materials/TouchForQuestRiftSControllerMaterial.uasset" 855
"../../../Engine/Plugins/Runtime/Oculus/OculusVR/Content/Materials/TouchForQuestRiftSControllerMaterial.uexp" 856
"../../../Engine/Plugins/Runtime/Oculus/OculusVR/Content/Meshes/LeftTouchForQuestRiftSController.uasset" 857
"../../../Engine/Plugins/Runtime/Oculus/OculusVR/Content/Meshes/LeftTouchForQuestRiftSController.uexp" 858
"../../../Engine/Plugins/Runtime/Oculus/OculusVR/Content/Meshes/RiftHMD.uasset" 859
"../../../Engine/Plugins/Runtime/Oculus/OculusVR/Content/Meshes/RiftHMD.uexp" 860
"../../../Engine/Plugins/Runtime/Oculus/OculusVR/Content/Meshes/RightTouchController.uasset" 861
"../../../Engine/Plugins/Runtime/Oculus/OculusVR/Content/Meshes/RightTouchController.uexp" 862
"../../../Engine/Plugins/Runtime/Oculus/OculusVR/Content/Meshes/RightTouchForQuestRiftSController.uasset" 863
"../../../Engine/Plugins/Runtime/Oculus/OculusVR/Content/Meshes/RightTouchForQuestRiftSController.uexp" 864
"G:/Games/InsectorTD/Content/InteractionMaster/ExampleContent/Geometry/Meshes/TemplateFloor.uasset" 865
"G:/Games/InsectorTD/Content/InteractionMaster/ExampleContent/Geometry/Meshes/TemplateFloor.uexp" 866
"G:/Games/InsectorTD/Content/InteractionMaster/ExampleContent/Geometry/Meshes/1M_Cube.uasset" 867
"G:/Games/InsectorTD/Content/InteractionMaster/ExampleContent/Geometry/Meshes/1M_Cube.uexp" 868
"../../../Engine/Content/EngineSky/T_Sky_Stars.uasset" 869
"../../../Engine/Content/EngineSky/T_Sky_Stars.uexp" 870
"../../../Engine/Content/EngineSky/T_Sky_Stars.ubulk" 871
"../../../Engine/Content/EngineSky/T_Sky_Clouds_M.uasset" 872
"../../../Engine/Content/EngineSky/T_Sky_Clouds_M.uexp" 873
"../../../Engine/Content/EngineSky/T_Sky_Clouds_M.ubulk" 874
"../../../Engine/Content/EngineSky/T_Sky_Blue.uasset" 875
"../../../Engine/Content/EngineSky/T_Sky_Blue.uexp" 876
"../../../Engine/Content/EngineSky/T_Sky_Blue.ubulk" 877
"../../../Engine/Content/EngineSky/M_Sky_Panning_Clouds2.uasset" 878
"../../../Engine/Content/EngineSky/M_Sky_Panning_Clouds2.uexp" 879
"G:/Games/InsectorTD/Content/InteractionMaster/ExampleContent/Example_Map_BuiltData.uasset" 880
"G:/Games/InsectorTD/Content/InteractionMaster/ExampleContent/Example_Map_BuiltData.uexp" 881
"G:/Games/InsectorTD/Content/InteractionMaster/ExampleContent/Example_Map_BuiltData.ubulk" 882
"G:/Games/InsectorTD/Content/InteractionMaster/ExampleContent/NewGameMode.uasset" 883
"G:/Games/InsectorTD/Content/InteractionMaster/ExampleContent/NewGameMode.uexp" 884
"../../../Engine/Content/EngineSky/SM_SkySphere.uasset" 885
"../../../Engine/Content/EngineSky/SM_SkySphere.uexp" 886
"../../../Engine/Content/EngineSky/C_Sky_Zenith_Color.uasset" 887
"../../../Engine/Content/EngineSky/C_Sky_Zenith_Color.uexp" 888
"../../../Engine/Content/EngineSky/C_Sky_Horizon_Color.uasset" 889
"../../../Engine/Content/EngineSky/C_Sky_Horizon_Color.uexp" 890
"../../../Engine/Content/EngineSky/C_Sky_Cloud_Color.uasset" 891
"../../../Engine/Content/EngineSky/C_Sky_Cloud_Color.uexp" 892
"../../../Engine/Content/EngineSky/BP_Sky_Sphere.uasset" 893
"../../../Engine/Content/EngineSky/BP_Sky_Sphere.uexp" 894
"G:/Games/InsectorTD/Content/InteractionMaster/05_Sounds/notification_wav.uasset" 895
"G:/Games/InsectorTD/Content/InteractionMaster/05_Sounds/notification_wav.uexp" 896
"G:/Games/InsectorTD/Content/InteractionMaster/05_Sounds/Notify_Cue.uasset" 897
"G:/Games/InsectorTD/Content/InteractionMaster/05_Sounds/Notify_Cue.uexp" 898
"G:/Games/InsectorTD/Content/InteractionMaster/ExampleContent/Example_Interactables/BP_SimpleInteraction.uasset" 899
"G:/Games/InsectorTD/Content/InteractionMaster/ExampleContent/Example_Interactables/BP_SimpleInteraction.uexp" 900
"G:/Games/InsectorTD/Content/InteractionMaster/ExampleContent/Example_Interactables/BP_Exsample_InteractionDetector.uasset" 901
"G:/Games/InsectorTD/Content/InteractionMaster/ExampleContent/Example_Interactables/BP_Exsample_InteractionDetector.uexp" 902
"G:/Games/InsectorTD/Content/InteractionMaster/ExampleContent/Example_Interactables/BP_Example_Trapdore.uasset" 903
"G:/Games/InsectorTD/Content/InteractionMaster/ExampleContent/Example_Interactables/BP_Example_Trapdore.uexp" 904
"G:/Games/InsectorTD/Content/InteractionMaster/ExampleContent/Example_Interactables/BP_Example_Gate.uasset" 905
"G:/Games/InsectorTD/Content/InteractionMaster/ExampleContent/Example_Interactables/BP_Example_Gate.uexp" 906
"G:/Games/InsectorTD/Content/InteractionMaster/ExampleContent/Example_Interactables/BP_Example_Door.uasset" 907
"G:/Games/InsectorTD/Content/InteractionMaster/ExampleContent/Example_Interactables/BP_Example_Door.uexp" 908
"G:/Games/InsectorTD/Content/InteractionMaster/ExampleContent/Example_Interactables/BP_Example_BridgeButton.uasset" 909
"G:/Games/InsectorTD/Content/InteractionMaster/ExampleContent/Example_Interactables/BP_Example_BridgeButton.uexp" 910
"G:/Games/InsectorTD/Content/InteractionMaster/ExampleContent/Example_Interactables/BP_Example_Bridge.uasset" 911
"G:/Games/InsectorTD/Content/InteractionMaster/ExampleContent/Example_Interactables/BP_Example_Bridge.uexp" 912
"G:/Games/InsectorTD/Content/InteractionMaster/06_Reference_Example/BP_General_Example_Actor.uasset" 913
"G:/Games/InsectorTD/Content/InteractionMaster/06_Reference_Example/BP_General_Example_Actor.uexp" 914
"G:/Games/InsectorTD/Content/InteractionMaster/01_Components/BP_Overlap_interaction.uasset" 915
"G:/Games/InsectorTD/Content/InteractionMaster/01_Components/BP_Overlap_interaction.uexp" 916
"G:/Games/InsectorTD/Content/InteractionMaster/ExampleContent/Example_Map.uexp" 917
"G:/Games/InsectorTD/Content/InteractionMaster/ExampleContent/Example_Map.umap" 918
"G:/Games/InsectorTD/Content/InteractionMaster/06_Reference_Example/BP_General_Example_Actor1.uasset" 919
"G:/Games/InsectorTD/Content/InteractionMaster/06_Reference_Example/BP_General_Example_Actor1.uexp" 920
"G:/Games/InsectorTD/Content/Blueprints/BugGamePlayerState.uasset" 921
"G:/Games/InsectorTD/Content/Blueprints/BugGamePlayerState.uexp" 922
"G:/Games/InsectorTD/Content/TopDownBP/Maps/TopDownExampleMap_BuiltData.uasset" 923
"G:/Games/InsectorTD/Content/TopDownBP/Maps/TopDownExampleMap_BuiltData.uexp" 924
"G:/Games/InsectorTD/Content/TopDownBP/Maps/TopDownExampleMap_BuiltData.ubulk" 925
"G:/Games/InsectorTD/Content/BugGame/InsectorHUD.uasset" 926
"G:/Games/InsectorTD/Content/BugGame/InsectorHUD.uexp" 927
"G:/Games/InsectorTD/Content/TopDownBP/Blueprints/TopDownGameMode.uasset" 928
"G:/Games/InsectorTD/Content/TopDownBP/Blueprints/TopDownGameMode.uexp" 929
"G:/Games/InsectorTD/Content/Geometry/Meshes/1M_Cube_Chamfer.uasset" 930
"G:/Games/InsectorTD/Content/Geometry/Meshes/1M_Cube_Chamfer.uexp" 931
"G:/Games/InsectorTD/Content/Geometry/Meshes/1M_Cube.uasset" 932
"G:/Games/InsectorTD/Content/Geometry/Meshes/1M_Cube.uexp" 933
"G:/Games/InsectorTD/Content/TopDownBP/Maps/TopDownExampleMap.uexp" 934
"G:/Games/InsectorTD/Content/TopDownBP/Maps/TopDownExampleMap.umap" 935
"../../../Engine/Content/Maps/Entry_BuiltData.uasset" 936
"../../../Engine/Content/Maps/Entry_BuiltData.uexp" 937
"../../../Engine/Content/Maps/Entry.uexp" 938
"../../../Engine/Content/Maps/Entry.umap" 939
